# Building kernel-run [x86_64-qemu]
+ CC framework/main.c
+ CC src/kernel-test/test_lab2.c
+ CC src/os.c
+ CC src/pmm.c
+ CC src/utils/log.c
+ CC src/utils/cond.c
+ CC src/utils/page.c
+ CC src/utils/task.c
+ CC src/utils/handler.c
+ CC src/dev/dev_video.c
+ CC src/dev/dev_sd.c
+ CC src/dev/dev.c
+ CC src/dev/dev_tty.c
+ CC src/dev/dev_input.c
+ CC src/kmt.c
+ CC src/uproc.c
# Building am-archive [x86_64-qemu]
# Building klib-archive [x86_64-qemu]
+ LD -> build/kernel-x86_64-qemu.elf
# Creating image [x86_64-qemu]
+ CREATE -> build/kernel-x86_64-qemu
Hello, World
free 3200 bytes
pid=3
free 3200 bytes
pid=4
free 3200 bytes
pid=5
free 3200 bytes
pid=6
free 3200 bytes
pid=7
free 3200 bytes
pid=8
free 3200 bytes
pid=9
free 3200 bytes
pid=10
free 3200 bytes
pid=11
free 3200 bytes
pid=12
free 3200 bytes
pid=13
free 3200 bytes
pid=14
free 3200 bytes
pid=15
free 3200 bytes
pid=16
pfree 3200 bytes
id=17
free 3200 bytes
pid=18
free 3200 bytes
pid=19
free 3200 bytes
pid=20
free 3200 bytes
pid=21
free 3200 bytes
pid=22
free 3200 bytes
pid=23
free 3200 bytes
pid=24
free 3200 bytes
pid=25
free 3200 bytes
pid=26
free 3200 bytes
pid=27
free 3200 bytes
pid=28
free 3200 bytes
pid=29
free 3200 bytes
pid=30
free 3200 bytes
pid=31
free 3200 bytes
pid=32
slow path
free 3200 bytes
pid=33
free 3200 bytes
pid=34
free 3200 bytes
pid=35
free 3200 bytes
pid=36
free 3200 bytes
pid=37
free 3200 bytes
pid=38
free 3200 bytes
pid=39
free 3200 bytes
pid=40
free 3200 bytes
pid=41
free 3200 bytes
pid=42
free 3200 bytes
pid=43
free 3200 bytes
pid=44
free 3200 bytes
pid=45
free 3200 bytes
pid=46
free 3200 bytes
pid=47
free 3200 bytes
pid=48
free 3200 bytes
pid=49
free 3200 bytes
pid=50
free 3200 bytes
pid=51
free 3200 bytes
pid=52
free 3200 bytes
pid=53
free 3200 bytes
pid=54
free 3200 bytes
pid=55
free 3200 bytes
pid=56
free 3200 bytes
pid=57
free 3200 bytes
pid=58
free 3200 bytes
pid=59
free 3200 bytes
pid=60
free 3200 bytes
pid=61
free 3200 bytes
pid=62
free 3200 bytes
pid=63
free 3200 bytes
pid=64
slow path
pfree 3200 bytes
id=65
free 3200 bytes
pid=66
free 3200 bytes
pid=67
free 3200 bytes
pid=68
free 3200 bytes
pid=69
free 3200 bytes
pid=70
free 3200 bytes
pid=71
free 3200 bytes
pid=72
free 3200 bytes
pid=73
free 3200 bytes
pid=74
free 3200 bytes
pid=75
free 3200 bytes
pid=76
free 3200 bytes
pid=77
free 3200 bytes
pid=78
free 3200 bytes
pid=79
free 3200 bytes
pid=80
free 3200 bytes
pid=81
free 3200 bytes
pid=82
free 3200 bytes
pid=83
free 3200 bytes
pid=84
free 3200 bytes
pid=85
free 3200 bytes
pid=86
free 3200 bytes
pid=87
free 3200 bytes
pid=88
free 3200 bytes
pid=89
free 3200 bytes
pid=90
free 3200 bytes
pid=91
free 3200 bytes
pid=92
pfree 3200 bytes
id=93
free 3200 bytes
pid=94
free 3200 bytes
pid=95
free 3200 bytes
pid=96
slow path
free 3200 bytes
pid=97
free 3200 bytes
pid=98
free 3200 bytes
pid=99
free 3200 bytes
pid=100
free 3200 bytes
pid=101
free 3200 bytes
pid=102
free 3200 bytes
pid=103
free 3200 bytes
pid=104
free 3200 bytes
pid=105
free 3200 bytes
pid=106
free 3200 bytes
pid=107
free 3200 bytes
pid=108
free 3200 bytes
pid=109
free 3200 bytes
pid=110
free 3200 bytes
pid=111
free 3200 bytes
pid=112
free 3200 bytes
pid=113
free 3200 bytes
pid=114
free 3200 bytes
pid=115
free 3200 bytes
pid=116
free 3200 bytes
pid=117
free 3200 bytes
pid=118
free 3200 bytes
pid=119
free 3200 bytes
pid=120
free 3200 bytes
pid=121
free 3200 bytes
pid=122
free 3200 bytes
pid=123
free 3200 bytes
pid=124
free 3200 bytes
pid=125
free 3200 bytes
pid=126
free 3200 bytes
pid=127
slow path
free 3200 bytes
pid=128
free 3200 bytes
pid=129
free 3200 bytes
pid=130
free 3200 bytes
pid=131
free 3200 bytes
pid=132
free 3200 bytes
pid=133
free 3200 bytes
pid=134
free 3200 bytes
pid=135
free 3200 bytes
pid=136
free 3200 bytes
pid=137
free 3200 bytes
pid=138
free 3200 bytes
pid=139
free 3200 bytes
pid=140
free 3200 bytes
pid=141
free 3200 bytes
pid=142
free 3200 bytes
pid=143
free 3200 bytes
pid=144
free 3200 bytes
pid=145
free 3200 bytes
pid=146
free 3200 bytes
pid=147
free 3200 bytes
pid=148
free 3200 bytes
pid=149
free 3200 bytes
pid=150
free 3200 bytes
pid=151
free 3200 bytes
pid=152
free 3200 bytes
pid=153
free 3200 bytes
pid=154
free 3200 bytes
pid=155
free 3200 bytes
pid=156
free 3200 bytes
pid=157
free 3200 bytes
pid=158
free 3200 bytes
pid=159
slow path
free 3200 bytes
pid=160
free 3200 bytes
pid=161
free 3200 bytes
pid=162
free 3200 bytes
pid=163
free 3200 bytes
pid=164
free 3200 bytes
pid=165
free 3200 bytes
pid=166
free 3200 bytes
pid=167
free 3200 bytes
pid=168
free 3200 bytes
pid=169
free 3200 bytes
pid=170
free 3200 bytes
pid=171
free 3200 bytes
pid=172
free 3200 bytes
pid=173
free 3200 bytes
pid=174
free 3200 bytes
pid=175
free 3200 bytes
pid=176
free 3200 bytes
pid=177
free 3200 bytes
pid=178
free 3200 bytes
pid=179
free 3200 bytes
pid=180
free 3200 bytes
pid=181
free 3200 bytes
pid=182
free 3200 bytes
pid=183
free 3200 bytes
pid=184
free 3200 bytes
pid=185
free 3200 bytes
pid=186
free 3200 bytes
pid=187
free 3200 bytes
pid=188
free 3200 bytes
pid=189
free 3200 bytes
pid=190
free 3200 bytes
pid=191
slow path
free 3200 bytes
pid=192
free 3200 bytes
pid=193
free 3200 bytes
pid=194
free 3200 bytes
pid=195
free 3200 bytes
pid=196
free 3200 bytes
pid=197
free 3200 bytes
pid=198
free 3200 bytes
pid=199
free 3200 bytes
pid=200
free 3200 bytes
pid=201
free 3200 bytes
pid=202
free 3200 bytes
pid=203
free 3200 bytes
pid=204
free 3200 bytes
pid=205
free 3200 bytes
pid=206
free 3200 bytes
pid=207
free 3200 bytes
pid=208
free 3200 bytes
pid=209
free 3200 bytes
pid=210
free 3200 bytes
pid=211
free 3200 bytes
pid=212
free 3200 bytes
pid=213
free 3200 bytes
pid=214
free 3200 bytes
pid=215
free 3200 bytes
pid=216
free 3200 bytes
pid=217
free 3200 bytes
pid=218
free 3200 bytes
pid=219
free 3200 bytes
pid=220
free 3200 bytes
pid=221
free 3200 bytes
pid=222
free 3200 bytes
pid=223
slow path
pfree 3200 bytes
id=224
free 3200 bytes
pid=225
free 3200 bytes
pid=226
free 3200 bytes
pid=227
free 3200 bytes
pid=228
free 3200 bytes
pid=229
free 3200 bytes
pid=230
free 3200 bytes
pid=231
free 3200 bytes
pid=232
free 3200 bytes
pid=233
free 3200 bytes
pid=234
free 3200 bytes
pid=235
free 3200 bytes
pid=236
free 3200 bytes
pid=237
free 3200 bytes
pid=238
free 3200 bytes
pid=239
free 3200 bytes
pid=240
free 3200 bytes
pid=241
free 3200 bytes
pid=242
free 3200 bytes
pid=243
free 3200 bytes
pid=244
free 3200 bytes
pid=245
free 3200 bytes
pid=246
free 3200 bytes
pid=247
free 3200 bytes
pid=248
free 3200 bytes
pid=249
free 3200 bytes
pid=250
free 3200 bytes
pid=251
free 3200 bytes
pid=252
free 3200 bytes
pid=253
free 3200 bytes
pid=254
free 3200 bytes
pid=255
slow path
free 3200 bytes
pid=256
free 3200 bytes
pid=257
free 3200 bytes
pid=258
free 3200 bytes
pid=259
free 3200 bytes
pid=260
free 3200 bytes
pid=261
free 3200 bytes
pid=262
free 3200 bytes
pid=263
free 3200 bytes
pid=264
free 3200 bytes
pid=265
free 3200 bytes
pid=266
free 3200 bytes
pid=267
free 3200 bytes
pid=268
free 3200 bytes
pid=269
pfree 3200 bytes
id=270
free 3200 bytes
pid=271
free 3200 bytes
pid=272
free 3200 bytes
pid=273
free 3200 bytes
pid=274
free 3200 bytes
pid=275
free 3200 bytes
pid=276
free 3200 bytes
pid=277
free 3200 bytes
pid=278
free 3200 bytes
pid=279
free 3200 bytes
pid=280
free 3200 bytes
pid=281
free 3200 bytes
pid=282
free 3200 bytes
pid=283
free 3200 bytes
pid=284
free 3200 bytes
pid=285
free 3200 bytes
pid=286
free 3200 bytes
pid=287
slow path
free 3200 bytes
pid=288
free 3200 bytes
pid=289
free 3200 bytes
pid=290
free 3200 bytes
pid=291
pfree 3200 bytes
id=292
free 3200 bytes
pid=293
free 3200 bytes
pid=294
free 3200 bytes
pid=295
free 3200 bytes
pid=296
free 3200 bytes
pid=297
free 3200 bytes
pid=298
free 3200 bytes
pid=299
free 3200 bytes
pid=300
free 3200 bytes
pid=301
free 3200 bytes
pid=302
free 3200 bytes
pid=303
free 3200 bytes
pid=304
free 3200 bytes
pid=305
free 3200 bytes
pid=306
free 3200 bytes
pid=307
free 3200 bytes
pid=308
free 3200 bytes
pid=309
free 3200 bytes
pid=310
free 3200 bytes
pid=311
free 3200 bytes
pid=312
free 3200 bytes
pid=313
free 3200 bytes
pid=314
free 3200 bytes
pid=315
free 3200 bytes
pid=316
free 3200 bytes
pid=317
free 3200 bytes
pid=318
free 3200 bytes
pid=319
slow path
free 3200 bytes
pid=320
free 3200 bytes
pid=321
free 3200 bytes
pid=322
free 3200 bytes
pid=323
free 3200 bytes
pid=324
free 3200 bytes
pid=325
free 3200 bytes
pid=326
free 3200 bytes
pid=327
free 3200 bytes
pid=328
free 3200 bytes
pid=329
free 3200 bytes
pid=330
free 3200 bytes
pid=331
free 3200 bytes
pid=332
free 3200 bytes
pid=333
free 3200 bytes
pid=334
free 3200 bytes
pid=335
free 3200 bytes
pid=336
free 3200 bytes
pid=337
free 3200 bytes
pid=338
pfree 3200 bytes
id=339
free 3200 bytes
pid=340
free 3200 bytes
pid=341
free 3200 bytes
pid=342
free 3200 bytes
pid=343
free 3200 bytes
pid=344
free 3200 bytes
pid=345
free 3200 bytes
pid=346
free 3200 bytes
pid=347
free 3200 bytes
pid=348
free 3200 bytes
pid=349
free 3200 bytes
pid=350
free 3200 bytes
pid=351
slow path
free 3200 bytes
pid=352
free 3200 bytes
pid=353
free 3200 bytes
pid=354
free 3200 bytes
pid=355
free 3200 bytes
pid=356
free 3200 bytes
pid=357
free 3200 bytes
pid=358
free 3200 bytes
pid=359
free 3200 bytes
pid=360
free 3200 bytes
pid=361
free 3200 bytes
pid=362
free 3200 bytes
pid=363
free 3200 bytes
pid=364
pfree 3200 bytes
id=365
free 3200 bytes
pid=366
free 3200 bytes
pid=367
free 3200 bytes
pid=368
free 3200 bytes
pid=369
free 3200 bytes
pid=370
free 3200 bytes
pid=371
free 3200 bytes
pid=372
free 3200 bytes
pid=373
free 3200 bytes
pid=374
free 3200 bytes
pid=375
free 3200 bytes
pid=376
free 3200 bytes
pid=377
free 3200 bytes
pid=378
free 3200 bytes
pid=379
free 3200 bytes
pid=380
free 3200 bytes
pid=381
free 3200 bytes
pid=382
slow path
free 3200 bytes
pid=383
free 3200 bytes
pid=384
free 3200 bytes
pid=385
free 3200 bytes
pid=386
free 3200 bytes
pid=387
free 3200 bytes
pid=388
free 3200 bytes
pid=389
free 3200 bytes
pid=390
pfree 3200 bytes
id=391
free 3200 bytes
pid=392
free 3200 bytes
pid=393
free 3200 bytes
pid=394
free 3200 bytes
pid=395
free 3200 bytes
pid=396
free 3200 bytes
pid=397
free 3200 bytes
pid=398
free 3200 bytes
pid=399
free 3200 bytes
pid=400
free 3200 bytes
pid=401
free 3200 bytes
pid=402
free 3200 bytes
pid=403
free 3200 bytes
pid=404
free 3200 bytes
pid=405
free 3200 bytes
pid=406
free 3200 bytes
pid=407
free 3200 bytes
pid=408
free 3200 bytes
pid=409
free 3200 bytes
pid=410
free 3200 bytes
pid=411
free 3200 bytes
pid=412
free 3200 bytes
pid=413
free 3200 bytes
pid=414
slow path
free 3200 bytes
pid=415
free 3200 bytes
pid=416
pfree 3200 bytes
id=417
free 3200 bytes
pid=418
free 3200 bytes
pid=419
free 3200 bytes
pid=420
free 3200 bytes
pid=421
free 3200 bytes
pid=422
free 3200 bytes
pid=423
free 3200 bytes
pid=424
free 3200 bytes
pid=425
free 3200 bytes
pid=426
free 3200 bytes
pid=427
free 3200 bytes
pid=428
free 3200 bytes
pid=429
free 3200 bytes
pid=430
free 3200 bytes
pid=431
free 3200 bytes
pid=432
free 3200 bytes
pid=433
free 3200 bytes
pid=434
free 3200 bytes
pid=435
free 3200 bytes
pid=436
free 3200 bytes
pid=437
free 3200 bytes
pid=438
free 3200 bytes
pid=439
free 3200 bytes
pid=440
free 3200 bytes
pid=441
free 3200 bytes
pid=442
free 3200 bytes
pid=443
pfree 3200 bytes
id=444
free 3200 bytes
pid=445
free 3200 bytes
pid=446
slow path
free 3200 bytes
pid=447
free 3200 bytes
pid=448
free 3200 bytes
pid=449
free 3200 bytes
pid=450
free 3200 bytes
pid=451
free 3200 bytes
pid=452
free 3200 bytes
pid=453
free 3200 bytes
pid=454
free 3200 bytes
pid=455
free 3200 bytes
pid=456
free 3200 bytes
pid=457
free 3200 bytes
pid=458
free 3200 bytes
pid=459
free 3200 bytes
pid=460
free 3200 bytes
pid=461
free 3200 bytes
pid=462
free 3200 bytes
pid=463
free 3200 bytes
pid=464
free 3200 bytes
pid=465
free 3200 bytes
pid=466
free 3200 bytes
pid=467
free 3200 bytes
pid=468
pfree 3200 bytes
id=469
free 3200 bytes
pid=470
free 3200 bytes
pid=471
free 3200 bytes
pid=472
free 3200 bytes
pid=473
free 3200 bytes
pid=474
free 3200 bytes
pid=475
free 3200 bytes
pid=476
free 3200 bytes
pid=477
free 3200 bytes
pid=478
slow path
free 3200 bytes
pid=479
free 3200 bytes
pid=480
free 3200 bytes
pid=481
free 3200 bytes
pid=482
free 3200 bytes
pid=483
free 3200 bytes
pid=484
free 3200 bytes
pid=485
free 3200 bytes
pid=486
free 3200 bytes
pid=487
free 3200 bytes
pid=488
free 3200 bytes
pid=489
free 3200 bytes
pid=490
free 3200 bytes
pid=491
free 3200 bytes
pid=492
free 3200 bytes
pid=493
free 3200 bytes
pid=494
free 3200 bytes
pid=495
free 3200 bytes
pid=496
free 3200 bytes
pid=497
free 3200 bytes
pid=498
free 3200 bytes
pid=499
free 3200 bytes
pid=500
free 3200 bytes
pid=501
free 3200 bytes
pid=502
free 3200 bytes
pid=503
free 3200 bytes
pid=504
free 3200 bytes
pid=505
free 3200 bytes
pid=506
free 3200 bytes
pid=507
free 3200 bytes
pid=508
free 3200 bytes
pid=509
free 3200 bytes
pid=510
slow path
free 3200 bytes
pid=511
free 3200 bytes
pid=512
free 3200 bytes
pid=513
free 3200 bytes
pid=514
free 3200 bytes
pid=515
free 3200 bytes
pid=516
free 3200 bytes
pid=517
free 3200 bytes
pid=518
free 3200 bytes
pid=519
free 3200 bytes
pid=520
free 3200 bytes
pid=521
free 3200 bytes
pid=522
free 3200 bytes
pid=523
free 3200 bytes
pid=524
free 3200 bytes
pid=525
free 3200 bytes
pid=526
free 3200 bytes
pid=527
free 3200 bytes
pid=528
free 3200 bytes
pid=529
free 3200 bytes
pid=530
free 3200 bytes
pid=531
free 3200 bytes
pid=532
free 3200 bytes
pid=533
free 3200 bytes
pid=534
free 3200 bytes
pid=535
free 3200 bytes
pid=536
free 3200 bytes
pid=537
free 3200 bytes
pid=538
free 3200 bytes
pid=539
free 3200 bytes
pid=540
free 3200 bytes
pid=541
free 3200 bytes
pid=542
slow path
free 3200 bytes
pid=543
free 3200 bytes
pid=544
free 3200 bytes
pid=545
pfree 3200 bytes
id=546
free 3200 bytes
pid=547
free 3200 bytes
pid=548
free 3200 bytes
pid=549
free 3200 bytes
pid=550
free 3200 bytes
pid=551
free 3200 bytes
pid=552
free 3200 bytes
pid=553
free 3200 bytes
pid=554
free 3200 bytes
pid=555
free 3200 bytes
pid=556
free 3200 bytes
pid=557
free 3200 bytes
pid=558
free 3200 bytes
pid=559
free 3200 bytes
pid=560
free 3200 bytes
pid=561
free 3200 bytes
pid=562
free 3200 bytes
pid=563
free 3200 bytes
pid=564
free 3200 bytes
pid=565
free 3200 bytes
pid=566
free 3200 bytes
pid=567
free 3200 bytes
pid=568
free 3200 bytes
pid=569
free 3200 bytes
pid=570
free 3200 bytes
pid=571
free 3200 bytes
pid=572
pfree 3200 bytes
id=573
free 3200 bytes
pid=574
slow path
free 3200 bytes
pid=575
free 3200 bytes
pid=576
free 3200 bytes
pid=577
free 3200 bytes
pid=578
free 3200 bytes
pid=579
free 3200 bytes
pid=580
free 3200 bytes
pid=581
free 3200 bytes
pid=582
free 3200 bytes
pid=583
free 3200 bytes
pid=584
free 3200 bytes
pid=585
free 3200 bytes
pid=586
free 3200 bytes
pid=587
free 3200 bytes
pid=588
free 3200 bytes
pid=589
free 3200 bytes
pid=590
free 3200 bytes
pid=591
free 3200 bytes
pid=592
free 3200 bytes
pid=593
free 3200 bytes
pid=594
free 3200 bytes
pid=595
free 3200 bytes
pid=596
free 3200 bytes
pid=597
free 3200 bytes
pid=598
free 3200 bytes
pid=599
free 3200 bytes
pid=600
free 3200 bytes
pid=601
free 3200 bytes
pid=602
free 3200 bytes
pid=603
free 3200 bytes
pid=604
free 3200 bytes
pid=605
free 3200 bytes
pid=606
slow path
free 3200 bytes
pid=607
free 3200 bytes
pid=608
free 3200 bytes
pid=609
free 3200 bytes
pid=610
free 3200 bytes
pid=611
free 3200 bytes
pid=612
free 3200 bytes
pid=613
free 3200 bytes
pid=614
free 3200 bytes
pid=615
free 3200 bytes
pid=616
free 3200 bytes
pid=617
free 3200 bytes
pid=618
free 3200 bytes
pid=619
free 3200 bytes
pid=620
free 3200 bytes
pid=621
free 3200 bytes
pid=622
free 3200 bytes
pid=623
free 3200 bytes
pid=624
free 3200 bytes
pid=625
free 3200 bytes
pid=626
free 3200 bytes
pid=627
free 3200 bytes
pid=628
pfree 3200 bytes
id=629
free 3200 bytes
pid=630
free 3200 bytes
pid=631
free 3200 bytes
pid=632
free 3200 bytes
pid=633
free 3200 bytes
pid=634
free 3200 bytes
pid=635
free 3200 bytes
pid=636
free 3200 bytes
pid=637
slow path
free 3200 bytes
pid=638
free 3200 bytes
pid=639
free 3200 bytes
pid=640
free 3200 bytes
pid=641
free 3200 bytes
pid=642
free 3200 bytes
pid=643
free 3200 bytes
pid=644
free 3200 bytes
pid=645
free 3200 bytes
pid=646
free 3200 bytes
pid=647
free 3200 bytes
pid=648
free 3200 bytes
pid=649
free 3200 bytes
pid=650
free 3200 bytes
pid=651
free 3200 bytes
pid=652
free 3200 bytes
pid=653
free 3200 bytes
pid=654
free 3200 bytes
pid=655
free 3200 bytes
pid=656
pfree 3200 bytes
id=657
free 3200 bytes
pid=658
free 3200 bytes
pid=659
free 3200 bytes
pid=660
free 3200 bytes
pid=661
free 3200 bytes
pid=662
free 3200 bytes
pid=663
free 3200 bytes
pid=664
free 3200 bytes
pid=665
free 3200 bytes
pid=666
free 3200 bytes
pid=667
free 3200 bytes
pid=668
free 3200 bytes
pid=669
slow path
free 3200 bytes
pid=670
free 3200 bytes
pid=671
free 3200 bytes
pid=672
free 3200 bytes
pid=673
free 3200 bytes
pid=674
free 3200 bytes
pid=675
free 3200 bytes
pid=676
free 3200 bytes
pid=677
free 3200 bytes
pid=678
free 3200 bytes
pid=679
free 3200 bytes
pid=680
free 3200 bytes
pid=681
free 3200 bytes
pid=682
free 3200 bytes
pid=683
free 3200 bytes
pid=684
free 3200 bytes
pid=685
free 3200 bytes
pid=686
free 3200 bytes
pid=687
free 3200 bytes
pid=688
free 3200 bytes
pid=689
free 3200 bytes
pid=690
free 3200 bytes
pid=691
free 3200 bytes
pid=692
free 3200 bytes
pid=693
free 3200 bytes
pid=694
free 3200 bytes
pid=695
free 3200 bytes
pid=696
free 3200 bytes
pid=697
free 3200 bytes
pid=698
free 3200 bytes
pid=699
free 3200 bytes
pid=700
free 3200 bytes
pid=701
slow path
free 3200 bytes
pid=702
free 3200 bytes
pid=703
free 3200 bytes
pid=704
free 3200 bytes
pid=705
free 3200 bytes
pid=706
free 3200 bytes
pid=707
free 3200 bytes
pid=708
free 3200 bytes
pid=709
free 3200 bytes
pid=710
pfree 3200 bytes
id=711
free 3200 bytes
pid=712
free 3200 bytes
pid=713
free 3200 bytes
pid=714
free 3200 bytes
pid=715
free 3200 bytes
pid=716
free 3200 bytes
pid=717
free 3200 bytes
pid=718
free 3200 bytes
pid=719
free 3200 bytes
pid=720
free 3200 bytes
pid=721
free 3200 bytes
pid=722
free 3200 bytes
pid=723
free 3200 bytes
pid=724
free 3200 bytes
pid=725
free 3200 bytes
pid=726
free 3200 bytes
pid=727
free 3200 bytes
pid=728
free 3200 bytes
pid=729
free 3200 bytes
pid=730
free 3200 bytes
pid=731
free 3200 bytes
pid=732
free 3200 bytes
pid=733
slow path
free 3200 bytes
pid=734
free 3200 bytes
pid=735
free 3200 bytes
pid=736
free 3200 bytes
pid=737
free 3200 bytes
pid=738
free 3200 bytes
pid=739
pfree 3200 bytes
id=740
free 3200 bytes
pid=741
free 3200 bytes
pid=742
free 3200 bytes
pid=743
free 3200 bytes
pid=744
free 3200 bytes
pid=745
free 3200 bytes
pid=746
free 3200 bytes
pid=747
free 3200 bytes
pid=748
free 3200 bytes
pid=749
free 3200 bytes
pid=750
free 3200 bytes
pid=751
free 3200 bytes
pid=752
free 3200 bytes
pid=753
free 3200 bytes
pid=754
free 3200 bytes
pid=755
free 3200 bytes
pid=756
free 3200 bytes
pid=757
free 3200 bytes
pid=758
free 3200 bytes
pid=759
free 3200 bytes
pid=760
free 3200 bytes
pid=761
free 3200 bytes
pid=762
free 3200 bytes
pid=763
free 3200 bytes
pid=764
free 3200 bytes
pid=765
slow path
free 3200 bytes
pid=766
free 3200 bytes
pid=767
free 3200 bytes
pid=768
free 3200 bytes
pid=769
free 3200 bytes
pid=770
free 3200 bytes
pid=771
free 3200 bytes
pid=772
free 3200 bytes
pid=773
free 3200 bytes
pid=774
free 3200 bytes
pid=775
free 3200 bytes
pid=776
free 3200 bytes
pid=777
free 3200 bytes
pid=778
free 3200 bytes
pid=779
free 3200 bytes
pid=780
free 3200 bytes
pid=781
free 3200 bytes
pid=782
free 3200 bytes
pid=783
free 3200 bytes
pid=784
free 3200 bytes
pid=785
free 3200 bytes
pid=786
free 3200 bytes
pid=787
free 3200 bytes
pid=788
free 3200 bytes
pid=789
free 3200 bytes
pid=790
free 3200 bytes
pid=791
free 3200 bytes
pid=792
free 3200 bytes
pid=793
free 3200 bytes
pid=794
free 3200 bytes
pid=795
free 3200 bytes
pid=796
free 3200 bytes
pid=797
slow path
free 3200 bytes
pid=798
free 3200 bytes
pid=799
free 3200 bytes
pid=800
free 3200 bytes
pid=801
free 3200 bytes
pid=802
free 3200 bytes
pid=803
free 3200 bytes
pid=804
free 3200 bytes
pid=805
free 3200 bytes
pid=806
free 3200 bytes
pid=807
free 3200 bytes
pid=808
free 3200 bytes
pid=809
free 3200 bytes
pid=810
free 3200 bytes
pid=811
free 3200 bytes
pid=812
free 3200 bytes
pid=813
free 3200 bytes
pid=814
free 3200 bytes
pid=815
free 3200 bytes
pid=816
free 3200 bytes
pid=817
free 3200 bytes
pid=818
free 3200 bytes
pid=819
free 3200 bytes
pid=820
free 3200 bytes
pid=821
free 3200 bytes
pid=822
free 3200 bytes
pid=823
free 3200 bytes
pid=824
free 3200 bytes
pid=825
free 3200 bytes
pid=826
free 3200 bytes
pid=827
free 3200 bytes
pid=828
free 3200 bytes
pid=829
slow path
free 3200 bytes
pid=830
free 3200 bytes
pid=831
free 3200 bytes
pid=832
free 3200 bytes
pid=833
free 3200 bytes
pid=834
free 3200 bytes
pid=835
free 3200 bytes
pid=836
free 3200 bytes
pid=837
free 3200 bytes
pid=838
free 3200 bytes
pid=839
free 3200 bytes
pid=840
free 3200 bytes
pid=841
free 3200 bytes
pid=842
free 3200 bytes
pid=843
free 3200 bytes
pid=844
free 3200 bytes
pid=845
free 3200 bytes
pid=846
free 3200 bytes
pid=847
free 3200 bytes
pid=848
free 3200 bytes
pid=849
free 3200 bytes
pid=850
free 3200 bytes
pid=851
free 3200 bytes
pid=852
free 3200 bytes
pid=853
free 3200 bytes
pid=854
free 3200 bytes
pid=855
free 3200 bytes
pid=856
free 3200 bytes
pid=857
free 3200 bytes
pid=858
free 3200 bytes
pid=859
free 3200 bytes
pid=860
free 3200 bytes
pid=861
slow path
free 3200 bytes
pid=862
free 3200 bytes
pid=863
free 3200 bytes
pid=864
free 3200 bytes
pid=865
free 3200 bytes
pid=866
free 3200 bytes
pid=867
free 3200 bytes
pid=868
free 3200 bytes
pid=869
free 3200 bytes
pid=870
free 3200 bytes
pid=871
free 3200 bytes
pid=872
free 3200 bytes
pid=873
free 3200 bytes
pid=874
free 3200 bytes
pid=875
free 3200 bytes
pid=876
free 3200 bytes
pid=877
free 3200 bytes
pid=878
free 3200 bytes
pid=879
free 3200 bytes
pid=880
free 3200 bytes
pid=881
free 3200 bytes
pid=882
free 3200 bytes
pid=883
free 3200 bytes
pid=884
free 3200 bytes
pid=885
free 3200 bytes
pid=886
free 3200 bytes
pid=887
free 3200 bytes
pid=888
free 3200 bytes
pid=889
free 3200 bytes
pid=890
free 3200 bytes
pid=891
free 3200 bytes
pid=892
slow path
free 3200 bytes
pid=893
free 3200 bytes
pid=894
free 3200 bytes
pid=895
free 3200 bytes
pid=896
free 3200 bytes
pid=897
free 3200 bytes
pid=898
free 3200 bytes
pid=899
free 3200 bytes
pid=900
free 3200 bytes
pid=901
free 3200 bytes
pid=902
free 3200 bytes
pid=903
free 3200 bytes
pid=904
free 3200 bytes
pid=905
free 3200 bytes
pid=906
free 3200 bytes
pid=907
free 3200 bytes
pid=908
free 3200 bytes
pid=909
free 3200 bytes
pid=910
free 3200 bytes
pid=911
free 3200 bytes
pid=912
free 3200 bytes
pid=913
free 3200 bytes
pid=914
free 3200 bytes
pid=915
free 3200 bytes
pid=916
free 3200 bytes
pid=917
free 3200 bytes
pid=918
free 3200 bytes
pid=919
free 3200 bytes
pid=920
free 3200 bytes
pid=921
free 3200 bytes
pid=922
free 3200 bytes
pid=923
free 3200 bytes
pid=924
slow path
free 3200 bytes
pid=925
free 3200 bytes
pid=926
free 3200 bytes
pid=927
free 3200 bytes
pid=928
free 3200 bytes
pid=929
free 3200 bytes
pid=930
free 3200 bytes
pid=931
free 3200 bytes
pid=932
free 3200 bytes
pid=933
free 3200 bytes
pid=934
free 3200 bytes
pid=935
free 3200 bytes
pid=936
free 3200 bytes
pid=937
free 3200 bytes
pid=938
free 3200 bytes
pid=939
free 3200 bytes
pid=940
free 3200 bytes
pid=941
free 3200 bytes
pid=942
free 3200 bytes
pid=943
free 3200 bytes
pid=944
free 3200 bytes
pid=945
free 3200 bytes
pid=946
free 3200 bytes
pid=947
free 3200 bytes
pid=948
free 3200 bytes
pid=949
free 3200 bytes
pid=950
free 3200 bytes
pid=951
free 3200 bytes
pid=952
free 3200 bytes
pid=953
free 3200 bytes
pid=954
free 3200 bytes
pid=955
free 3200 bytes
pid=956
slow path
free 3200 bytes
pid=957
free 3200 bytes
pid=958
free 3200 bytes
pid=959
free 3200 bytes
pid=960
free 3200 bytes
pid=961
free 3200 bytes
pid=962
free 3200 bytes
pid=963
free 3200 bytes
pid=964
free 3200 bytes
pid=965
free 3200 bytes
pid=966
free 3200 bytes
pid=967
free 3200 bytes
pid=968
free 3200 bytes
pid=969
free 3200 bytes
pid=970
free 3200 bytes
pid=971
free 3200 bytes
pid=972
free 3200 bytes
pid=973
free 3200 bytes
pid=974
free 3200 bytes
pid=975
free 3200 bytes
pid=976
free 3200 bytes
pid=977
free 3200 bytes
pid=978
free 3200 bytes
pid=979
free 3200 bytes
pid=980
free 3200 bytes
pid=981
free 3200 bytes
pid=982
free 3200 bytes
pid=983
free 3200 bytes
pid=984
free 3200 bytes
pid=985
free 3200 bytes
pid=986
free 3200 bytes
pid=987
free 3200 bytes
pid=988
slow path
free 3200 bytes
pid=989
free 3200 bytes
pid=990
free 3200 bytes
pid=991
free 3200 bytes
pid=992
free 3200 bytes
pid=993
free 3200 bytes
pid=994
free 3200 bytes
pid=995
free 3200 bytes
pid=996
free 3200 bytes
pid=997
free 3200 bytes
pid=998
free 3200 bytes
pid=999
free 3200 bytes
pid=1000
free 3200 bytes
pid=1001
free 3200 bytes
pid=1002
free 3200 bytes
pid=1003
free 3200 bytes
pid=1004
pfree 3200 bytes
id=1005
free 3200 bytes
pid=1006
free 3200 bytes
pid=1007
free 3200 bytes
pid=1008
free 3200 bytes
pid=1009
free 3200 bytes
pid=1010
free 3200 bytes
pid=1011
free 3200 bytes
pid=1012
free 3200 bytes
pid=1013
free 3200 bytes
pid=1014
free 3200 bytes
pid=1015
free 3200 bytes
pid=1016
free 3200 bytes
pid=1017
free 3200 bytes
pid=1018
free 3200 bytes
pid=1019
free 3200 bytes
pid=1020
slow path
free 3200 bytes
pid=1021
free 3200 bytes
pid=1022
free 3200 bytes
pid=1023
free 3200 bytes
pid=1024
free 3200 bytes
pid=1025
free 3200 bytes
pid=1026
free 3200 bytes
pid=1027
free 3200 bytes
pid=1028
free 3200 bytes
pid=1029
free 3200 bytes
pid=1030
free 3200 bytes
pid=1031
free 3200 bytes
pid=1032
free 3200 bytes
pid=1033
free 3200 bytes
pid=1034
free 3200 bytes
pid=1035
free 3200 bytes
pid=1036
free 3200 bytes
pid=1037
free 3200 bytes
pid=1038
free 3200 bytes
pid=1039
free 3200 bytes
pid=1040
free 3200 bytes
pid=1041
free 3200 bytes
pid=1042
free 3200 bytes
pid=1043
free 3200 bytes
pid=1044
free 3200 bytes
pid=1045
free 3200 bytes
pid=1046
free 3200 bytes
pid=1047
free 3200 bytes
pid=1048
free 3200 bytes
pid=1049
free 3200 bytes
pid=1050
free 3200 bytes
pid=1051
free 3200 bytes
pid=1052
slow path
free 3200 bytes
pid=1053
free 3200 bytes
pid=1054
free 3200 bytes
pid=1055
free 3200 bytes
pid=1056
free 3200 bytes
pid=1057
free 3200 bytes
pid=1058
free 3200 bytes
pid=1059
free 3200 bytes
pid=1060
free 3200 bytes
pid=1061
free 3200 bytes
pid=1062
free 3200 bytes
pid=1063
free 3200 bytes
pid=1064
free 3200 bytes
pid=1065
free 3200 bytes
pid=1066
free 3200 bytes
pid=1067
free 3200 bytes
pid=1068
free 3200 bytes
pid=1069
free 3200 bytes
pid=1070
free 3200 bytes
pid=1071
free 3200 bytes
pid=1072
free 3200 bytes
pid=1073
free 3200 bytes
pid=1074
free 3200 bytes
pid=1075
free 3200 bytes
pid=1076
free 3200 bytes
pid=1077
free 3200 bytes
pid=1078
free 3200 bytes
pid=1079
free 3200 bytes
pid=1080
free 3200 bytes
pid=1081
free 3200 bytes
pid=1082
free 3200 bytes
pid=1083
free 3200 bytes
pid=1084
slow path
free 3200 bytes
pid=1085
free 3200 bytes
pid=1086
free 3200 bytes
pid=1087
free 3200 bytes
pid=1088
free 3200 bytes
pid=1089
free 3200 bytes
pid=1090
free 3200 bytes
pid=1091
free 3200 bytes
pid=1092
free 3200 bytes
pid=1093
free 3200 bytes
pid=1094
free 3200 bytes
pid=1095
free 3200 bytes
pid=1096
free 3200 bytes
pid=1097
free 3200 bytes
pid=1098
free 3200 bytes
pid=1099
free 3200 bytes
pid=1100
free 3200 bytes
pid=1101
free 3200 bytes
pid=1102
free 3200 bytes
pid=1103
free 3200 bytes
pid=1104
free 3200 bytes
pid=1105
free 3200 bytes
pid=1106
free 3200 bytes
pid=1107
free 3200 bytes
pid=1108
free 3200 bytes
pid=1109
free 3200 bytes
pid=1110
free 3200 bytes
pid=1111
free 3200 bytes
pid=1112
free 3200 bytes
pid=1113
free 3200 bytes
pid=1114
free 3200 bytes
pid=1115
free 3200 bytes
pid=1116
slow path
free 3200 bytes
pid=1117
free 3200 bytes
pid=1118
free 3200 bytes
pid=1119
free 3200 bytes
pid=1120
free 3200 bytes
pid=1121
free 3200 bytes
pid=1122
free 3200 bytes
pid=1123
free 3200 bytes
pid=1124
free 3200 bytes
pid=1125
free 3200 bytes
pid=1126
free 3200 bytes
pid=1127
free 3200 bytes
pid=1128
free 3200 bytes
pid=1129
free 3200 bytes
pid=1130
free 3200 bytes
pid=1131
free 3200 bytes
pid=1132
free 3200 bytes
pid=1133
free 3200 bytes
pid=1134
free 3200 bytes
pid=1135
free 3200 bytes
pid=1136
free 3200 bytes
pid=1137
free 3200 bytes
pid=1138
free 3200 bytes
pid=1139
free 3200 bytes
pid=1140
free 3200 bytes
pid=1141
free 3200 bytes
pid=1142
free 3200 bytes
pid=1143
free 3200 bytes
pid=1144
free 3200 bytes
pid=1145
free 3200 bytes
pid=1146
free 3200 bytes
pid=1147
slow path
free 3200 bytes
pid=1148
free 3200 bytes
pid=1149
free 3200 bytes
pid=1150
free 3200 bytes
pid=1151
free 3200 bytes
pid=1152
free 3200 bytes
pid=1153
free 3200 bytes
pid=1154
free 3200 bytes
pid=1155
free 3200 bytes
pid=1156
free 3200 bytes
pid=1157
free 3200 bytes
pid=1158
free 3200 bytes
pid=1159
free 3200 bytes
pid=1160
free 3200 bytes
pid=1161
free 3200 bytes
pid=1162
free 3200 bytes
pid=1163
free 3200 bytes
pid=1164
free 3200 bytes
pid=1165
free 3200 bytes
pid=1166
free 3200 bytes
pid=1167
free 3200 bytes
pid=1168
free 3200 bytes
pid=1169
free 3200 bytes
pid=1170
free 3200 bytes
pid=1171
free 3200 bytes
pid=1172
free 3200 bytes
pid=1173
free 3200 bytes
pid=1174
free 3200 bytes
pid=1175
free 3200 bytes
pid=1176
free 3200 bytes
pid=1177
free 3200 bytes
pid=1178
free 3200 bytes
pid=1179
slow path
free 3200 bytes
pid=1180
free 3200 bytes
pid=1181
free 3200 bytes
pid=1182
free 3200 bytes
pid=1183
free 3200 bytes
pid=1184
free 3200 bytes
pid=1185
pfree 3200 bytes
id=1186
free 3200 bytes
pid=1187
free 3200 bytes
pid=1188
free 3200 bytes
pid=1189
free 3200 bytes
pid=1190
free 3200 bytes
pid=1191
free 3200 bytes
pid=1192
free 3200 bytes
pid=1193
free 3200 bytes
pid=1194
free 3200 bytes
pid=1195
free 3200 bytes
pid=1196
free 3200 bytes
pid=1197
free 3200 bytes
pid=1198
free 3200 bytes
pid=1199
free 3200 bytes
pid=1200
free 3200 bytes
pid=1201
free 3200 bytes
pid=1202
free 3200 bytes
pid=1203
free 3200 bytes
pid=1204
free 3200 bytes
pid=1205
free 3200 bytes
pid=1206
free 3200 bytes
pid=1207
free 3200 bytes
pid=1208
free 3200 bytes
pid=1209
free 3200 bytes
pid=1210
free 3200 bytes
pid=1211
slow path
free 3200 bytes
pid=1212
free 3200 bytes
pid=1213
free 3200 bytes
pid=1214
free 3200 bytes
pid=1215
free 3200 bytes
pid=1216
free 3200 bytes
pid=1217
free 3200 bytes
pid=1218
free 3200 bytes
pid=1219
free 3200 bytes
pid=1220
free 3200 bytes
pid=1221
free 3200 bytes
pid=1222
free 3200 bytes
pid=1223
free 3200 bytes
pid=1224
free 3200 bytes
pid=1225
free 3200 bytes
pid=1226
free 3200 bytes
pid=1227
free 3200 bytes
pid=1228
free 3200 bytes
pid=1229
free 3200 bytes
pid=1230
free 3200 bytes
pid=1231
free 3200 bytes
pid=1232
free 3200 bytes
pid=1233
free 3200 bytes
pid=1234
free 3200 bytes
pid=1235
free 3200 bytes
pid=1236
free 3200 bytes
pid=1237
free 3200 bytes
pid=1238
free 3200 bytes
pid=1239
free 3200 bytes
pid=1240
free 3200 bytes
pid=1241
free 3200 bytes
pid=1242
free 3200 bytes
pid=1243
slow path
free 3200 bytes
pid=1244
free 3200 bytes
pid=1245
free 3200 bytes
pid=1246
free 3200 bytes
pid=1247
free 3200 bytes
pid=1248
free 3200 bytes
pid=1249
free 3200 bytes
pid=1250
free 3200 bytes
pid=1251
free 3200 bytes
pid=1252
free 3200 bytes
pid=1253
free 3200 bytes
pid=1254
free 3200 bytes
pid=1255
free 3200 bytes
pid=1256
free 3200 bytes
pid=1257
free 3200 bytes
pid=1258
free 3200 bytes
pid=1259
free 3200 bytes
pid=1260
free 3200 bytes
pid=1261
free 3200 bytes
pid=1262
free 3200 bytes
pid=1263
free 3200 bytes
pid=1264
free 3200 bytes
pid=1265
free 3200 bytes
pid=1266
free 3200 bytes
pid=1267
free 3200 bytes
pid=1268
free 3200 bytes
pid=1269
free 3200 bytes
pid=1270
free 3200 bytes
pid=1271
free 3200 bytes
pid=1272
free 3200 bytes
pid=1273
free 3200 bytes
pid=1274
free 3200 bytes
pid=1275
slow path
free 3200 bytes
pid=1276
free 3200 bytes
pid=1277
free 3200 bytes
pid=1278
free 3200 bytes
pid=1279
free 3200 bytes
pid=1280
free 3200 bytes
pid=1281
free 3200 bytes
pid=1282
free 3200 bytes
pid=1283
free 3200 bytes
pid=1284
free 3200 bytes
pid=1285
free 3200 bytes
pid=1286
free 3200 bytes
pid=1287
free 3200 bytes
pid=1288
free 3200 bytes
pid=1289
free 3200 bytes
pid=1290
free 3200 bytes
pid=1291
free 3200 bytes
pid=1292
free 3200 bytes
pid=1293
free 3200 bytes
pid=1294
free 3200 bytes
pid=1295
free 3200 bytes
pid=1296
free 3200 bytes
pid=1297
free 3200 bytes
pid=1298
free 3200 bytes
pid=1299
free 3200 bytes
pid=1300
free 3200 bytes
pid=1301
free 3200 bytes
pid=1302
pfree 3200 bytes
id=1303
free 3200 bytes
pid=1304
free 3200 bytes
pid=1305
free 3200 bytes
pid=1306
free 3200 bytes
pid=1307
slow path
free 3200 bytes
pid=1308
free 3200 bytes
pid=1309
free 3200 bytes
pid=1310
free 3200 bytes
pid=1311
free 3200 bytes
pid=1312
free 3200 bytes
pid=1313
free 3200 bytes
pid=1314
free 3200 bytes
pid=1315
free 3200 bytes
pid=1316
free 3200 bytes
pid=1317
free 3200 bytes
pid=1318
free 3200 bytes
pid=1319
free 3200 bytes
pid=1320
free 3200 bytes
pid=1321
free 3200 bytes
pid=1322
free 3200 bytes
pid=1323
free 3200 bytes
pid=1324
free 3200 bytes
pid=1325
free 3200 bytes
pid=1326
free 3200 bytes
pid=1327
free 3200 bytes
pid=1328
free 3200 bytes
pid=1329
free 3200 bytes
pid=1330
free 3200 bytes
pid=1331
free 3200 bytes
pid=1332
free 3200 bytes
pid=1333
free 3200 bytes
pid=1334
free 3200 bytes
pid=1335
free 3200 bytes
pid=1336
free 3200 bytes
pid=1337
free 3200 bytes
pid=1338
free 3200 bytes
pid=1339
slow path
free 3200 bytes
pid=1340
free 3200 bytes
pid=1341
free 3200 bytes
pid=1342
free 3200 bytes
pid=1343
free 3200 bytes
pid=1344
free 3200 bytes
pid=1345
free 3200 bytes
pid=1346
free 3200 bytes
pid=1347
free 3200 bytes
pid=1348
free 3200 bytes
pid=1349
free 3200 bytes
pid=1350
free 3200 bytes
pid=1351
free 3200 bytes
pid=1352
pfree 3200 bytes
id=1353
free 3200 bytes
pid=1354
free 3200 bytes
pid=1355
free 3200 bytes
pid=1356
free 3200 bytes
pid=1357
free 3200 bytes
pid=1358
free 3200 bytes
pid=1359
free 3200 bytes
pid=1360
free 3200 bytes
pid=1361
free 3200 bytes
pid=1362
free 3200 bytes
pid=1363
free 3200 bytes
pid=1364
free 3200 bytes
pid=1365
free 3200 bytes
pid=1366
free 3200 bytes
pid=1367
free 3200 bytes
pid=1368
free 3200 bytes
pid=1369
pfree 3200 bytes
id=1370
free 3200 bytes
pid=1371
slow path
free 3200 bytes
pid=1372
free 3200 bytes
pid=1373
free 3200 bytes
pid=1374
free 3200 bytes
pid=1375
free 3200 bytes
pid=1376
free 3200 bytes
pid=1377
free 3200 bytes
pid=1378
free 3200 bytes
pid=1379
free 3200 bytes
pid=1380
free 3200 bytes
pid=1381
free 3200 bytes
pid=1382
free 3200 bytes
pid=1383
free 3200 bytes
pid=1384
free 3200 bytes
pid=1385
free 3200 bytes
pid=1386
free 3200 bytes
pid=1387
free 3200 bytes
pid=1388
free 3200 bytes
pid=1389
free 3200 bytes
pid=1390
free 3200 bytes
pid=1391
free 3200 bytes
pid=1392
free 3200 bytes
pid=1393
free 3200 bytes
pid=1394
free 3200 bytes
pid=1395
free 3200 bytes
pid=1396
free 3200 bytes
pid=1397
free 3200 bytes
pid=1398
free 3200 bytes
pid=1399
free 3200 bytes
pid=1400
free 3200 bytes
pid=1401
free 3200 bytes
pid=1402
slow path
free 3200 bytes
pid=1403
free 3200 bytes
pid=1404
free 3200 bytes
pid=1405
free 3200 bytes
pid=1406
free 3200 bytes
pid=1407
free 3200 bytes
pid=1408
free 3200 bytes
pid=1409
free 3200 bytes
pid=1410
free 3200 bytes
pid=1411
free 3200 bytes
pid=1412
free 3200 bytes
pid=1413
free 3200 bytes
pid=1414
free 3200 bytes
pid=1415
free 3200 bytes
pid=1416
free 3200 bytes
pid=1417
free 3200 bytes
pid=1418
free 3200 bytes
pid=1419
free 3200 bytes
pid=1420
free 3200 bytes
pid=1421
free 3200 bytes
pid=1422
free 3200 bytes
pid=1423
free 3200 bytes
pid=1424
free 3200 bytes
pid=1425
free 3200 bytes
pid=1426
free 3200 bytes
pid=1427
free 3200 bytes
pid=1428
free 3200 bytes
pid=1429
free 3200 bytes
pid=1430
free 3200 bytes
pid=1431
free 3200 bytes
pid=1432
free 3200 bytes
pid=1433
free 3200 bytes
pid=1434
slow path
free 3200 bytes
pid=1435
free 3200 bytes
pid=1436
free 3200 bytes
pid=1437
free 3200 bytes
pid=1438
free 3200 bytes
pid=1439
free 3200 bytes
pid=1440
free 3200 bytes
pid=1441
free 3200 bytes
pid=1442
pfree 3200 bytes
id=1443
free 3200 bytes
pid=1444
free 3200 bytes
pid=1445
free 3200 bytes
pid=1446
free 3200 bytes
pid=1447
free 3200 bytes
pid=1448
free 3200 bytes
pid=1449
free 3200 bytes
pid=1450
free 3200 bytes
pid=1451
free 3200 bytes
pid=1452
free 3200 bytes
pid=1453
free 3200 bytes
pid=1454
free 3200 bytes
pid=1455
free 3200 bytes
pid=1456
free 3200 bytes
pid=1457
free 3200 bytes
pid=1458
free 3200 bytes
pid=1459
free 3200 bytes
pid=1460
free 3200 bytes
pid=1461
free 3200 bytes
pid=1462
free 3200 bytes
pid=1463
free 3200 bytes
pid=1464
free 3200 bytes
pid=1465
free 3200 bytes
pid=1466
slow path
free 3200 bytes
pid=1467
free 3200 bytes
pid=1468
free 3200 bytes
pid=1469
free 3200 bytes
pid=1470
free 3200 bytes
pid=1471
free 3200 bytes
pid=1472
free 3200 bytes
pid=1473
free 3200 bytes
pid=1474
free 3200 bytes
pid=1475
free 3200 bytes
pid=1476
free 3200 bytes
pid=1477
free 3200 bytes
pid=1478
free 3200 bytes
pid=1479
free 3200 bytes
pid=1480
free 3200 bytes
pid=1481
free 3200 bytes
pid=1482
free 3200 bytes
pid=1483
free 3200 bytes
pid=1484
free 3200 bytes
pid=1485
free 3200 bytes
pid=1486
free 3200 bytes
pid=1487
free 3200 bytes
pid=1488
free 3200 bytes
pid=1489
free 3200 bytes
pid=1490
free 3200 bytes
pid=1491
free 3200 bytes
pid=1492
free 3200 bytes
pid=1493
free 3200 bytes
pid=1494
free 3200 bytes
pid=1495
free 3200 bytes
pid=1496
free 3200 bytes
pid=1497
free 3200 bytes
pid=1498
slow path
free 3200 bytes
pid=1499
free 3200 bytes
pid=1500
free 3200 bytes
pid=1501
free 3200 bytes
pid=1502
free 3200 bytes
pid=1503
free 3200 bytes
pid=1504
free 3200 bytes
pid=1505
free 3200 bytes
pid=1506
free 3200 bytes
pid=1507
free 3200 bytes
pid=1508
free 3200 bytes
pid=1509
free 3200 bytes
pid=1510
free 3200 bytes
pid=1511
free 3200 bytes
pid=1512
free 3200 bytes
pid=1513
free 3200 bytes
pid=1514
free 3200 bytes
pid=1515
free 3200 bytes
pid=1516
free 3200 bytes
pid=1517
free 3200 bytes
pid=1518
free 3200 bytes
pid=1519
free 3200 bytes
pid=1520
free 3200 bytes
pid=1521
free 3200 bytes
pid=1522
free 3200 bytes
pid=1523
free 3200 bytes
pid=1524
free 3200 bytes
pid=1525
free 3200 bytes
pid=1526
free 3200 bytes
pid=1527
free 3200 bytes
pid=1528
free 3200 bytes
pid=1529
free 3200 bytes
pid=1530
slow path
free 3200 bytes
pid=1531
free 3200 bytes
pid=1532
free 3200 bytes
pid=1533
free 3200 bytes
pid=1534
free 3200 bytes
pid=1535
free 3200 bytes
pid=1536
free 3200 bytes
pid=1537
pfree 3200 bytes
id=1538
free 3200 bytes
pid=1539
free 3200 bytes
pid=1540
free 3200 bytes
pid=1541
free 3200 bytes
pid=1542
free 3200 bytes
pid=1543
free 3200 bytes
pid=1544
free 3200 bytes
pid=1545
free 3200 bytes
pid=1546
free 3200 bytes
pid=1547
free 3200 bytes
pid=1548
free 3200 bytes
pid=1549
free 3200 bytes
pid=1550
free 3200 bytes
pid=1551
free 3200 bytes
pid=1552
free 3200 bytes
pid=1553
free 3200 bytes
pid=1554
free 3200 bytes
pid=1555
free 3200 bytes
pid=1556
free 3200 bytes
pid=1557
free 3200 bytes
pid=1558
free 3200 bytes
pid=1559
free 3200 bytes
pid=1560
free 3200 bytes
pid=1561
free 3200 bytes
pid=1562
slow path
free 3200 bytes
pid=1563
free 3200 bytes
pid=1564
free 3200 bytes
pid=1565
free 3200 bytes
pid=1566
free 3200 bytes
pid=1567
free 3200 bytes
pid=1568
free 3200 bytes
pid=1569
free 3200 bytes
pid=1570
free 3200 bytes
pid=1571
free 3200 bytes
pid=1572
free 3200 bytes
pid=1573
free 3200 bytes
pid=1574
free 3200 bytes
pid=1575
free 3200 bytes
pid=1576
free 3200 bytes
pid=1577
free 3200 bytes
pid=1578
free 3200 bytes
pid=1579
free 3200 bytes
pid=1580
free 3200 bytes
pid=1581
free 3200 bytes
pid=1582
free 3200 bytes
pid=1583
free 3200 bytes
pid=1584
free 3200 bytes
pid=1585
free 3200 bytes
pid=1586
free 3200 bytes
pid=1587
free 3200 bytes
pid=1588
free 3200 bytes
pid=1589
free 3200 bytes
pid=1590
free 3200 bytes
pid=1591
free 3200 bytes
pid=1592
free 3200 bytes
pid=1593
free 3200 bytes
pid=1594
slow path
free 3200 bytes
pid=1595
free 3200 bytes
pid=1596
free 3200 bytes
pid=1597
free 3200 bytes
pid=1598
free 3200 bytes
pid=1599
free 3200 bytes
pid=1600
free 3200 bytes
pid=1601
free 3200 bytes
pid=1602
free 3200 bytes
pid=1603
free 3200 bytes
pid=1604
free 3200 bytes
pid=1605
free 3200 bytes
pid=1606
free 3200 bytes
pid=1607
free 3200 bytes
pid=1608
free 3200 bytes
pid=1609
free 3200 bytes
pid=1610
free 3200 bytes
pid=1611
free 3200 bytes
pid=1612
free 3200 bytes
pid=1613
free 3200 bytes
pid=1614
free 3200 bytes
pid=1615
free 3200 bytes
pid=1616
free 3200 bytes
pid=1617
free 3200 bytes
pid=1618
free 3200 bytes
pid=1619
free 3200 bytes
pid=1620
free 3200 bytes
pid=1621
free 3200 bytes
pid=1622
free 3200 bytes
pid=1623
free 3200 bytes
pid=1624
free 3200 bytes
pid=1625
free 3200 bytes
pid=1626
slow path
free 3200 bytes
pid=1627
free 3200 bytes
pid=1628
free 3200 bytes
pid=1629
free 3200 bytes
pid=1630
free 3200 bytes
pid=1631
free 3200 bytes
pid=1632
free 3200 bytes
pid=1633
pfree 3200 bytes
id=1634
free 3200 bytes
pid=1635
free 3200 bytes
pid=1636
free 3200 bytes
pid=1637
free 3200 bytes
pid=1638
free 3200 bytes
pid=1639
free 3200 bytes
pid=1640
free 3200 bytes
pid=1641
free 3200 bytes
pid=1642
free 3200 bytes
pid=1643
free 3200 bytes
pid=1644
free 3200 bytes
pid=1645
free 3200 bytes
pid=1646
free 3200 bytes
pid=1647
free 3200 bytes
pid=1648
free 3200 bytes
pid=1649
free 3200 bytes
pid=1650
free 3200 bytes
pid=1651
free 3200 bytes
pid=1652
free 3200 bytes
pid=1653
free 3200 bytes
pid=1654
free 3200 bytes
pid=1655
free 3200 bytes
pid=1656
free 3200 bytes
pid=1657
slow path
free 3200 bytes
pid=1658
free 3200 bytes
pid=1659
free 3200 bytes
pid=1660
free 3200 bytes
pid=1661
free 3200 bytes
pid=1662
free 3200 bytes
pid=1663
free 3200 bytes
pid=1664
free 3200 bytes
pid=1665
free 3200 bytes
pid=1666
free 3200 bytes
pid=1667
free 3200 bytes
pid=1668
free 3200 bytes
pid=1669
free 3200 bytes
pid=1670
free 3200 bytes
pid=1671
free 3200 bytes
pid=1672
free 3200 bytes
pid=1673
free 3200 bytes
pid=1674
free 3200 bytes
pid=1675
free 3200 bytes
pid=1676
free 3200 bytes
pid=1677
free 3200 bytes
pid=1678
free 3200 bytes
pid=1679
free 3200 bytes
pid=1680
free 3200 bytes
pid=1681
free 3200 bytes
pid=1682
free 3200 bytes
pid=1683
free 3200 bytes
pid=1684
free 3200 bytes
pid=1685
free 3200 bytes
pid=1686
free 3200 bytes
pid=1687
free 3200 bytes
pid=1688
free 3200 bytes
pid=1689
slow path
free 3200 bytes
pid=1690
free 3200 bytes
pid=1691
free 3200 bytes
pid=1692
free 3200 bytes
pid=1693
free 3200 bytes
pid=1694
free 3200 bytes
pid=1695
free 3200 bytes
pid=1696
free 3200 bytes
pid=1697
free 3200 bytes
pid=1698
free 3200 bytes
pid=1699
free 3200 bytes
pid=1700
free 3200 bytes
pid=1701
free 3200 bytes
pid=1702
free 3200 bytes
pid=1703
free 3200 bytes
pid=1704
free 3200 bytes
pid=1705
free 3200 bytes
pid=1706
free 3200 bytes
pid=1707
free 3200 bytes
pid=1708
free 3200 bytes
pid=1709
free 3200 bytes
pid=1710
free 3200 bytes
pid=1711
free 3200 bytes
pid=1712
free 3200 bytes
pid=1713
free 3200 bytes
pid=1714
free 3200 bytes
pid=1715
free 3200 bytes
pid=1716
free 3200 bytes
pid=1717
free 3200 bytes
pid=1718
free 3200 bytes
pid=1719
free 3200 bytes
pid=1720
free 3200 bytes
pid=1721
slow path
free 3200 bytes
pid=1722
free 3200 bytes
pid=1723
free 3200 bytes
pid=1724
free 3200 bytes
pid=1725
free 3200 bytes
pid=1726
free 3200 bytes
pid=1727
free 3200 bytes
pid=1728
free 3200 bytes
pid=1729
free 3200 bytes
pid=1730
free 3200 bytes
pid=1731
free 3200 bytes
pid=1732
free 3200 bytes
pid=1733
free 3200 bytes
pid=1734
free 3200 bytes
pid=1735
free 3200 bytes
pid=1736
free 3200 bytes
pid=1737
free 3200 bytes
pid=1738
free 3200 bytes
pid=1739
free 3200 bytes
pid=1740
free 3200 bytes
pid=1741
free 3200 bytes
pid=1742
free 3200 bytes
pid=1743
free 3200 bytes
pid=1744
free 3200 bytes
pid=1745
free 3200 bytes
pid=1746
free 3200 bytes
pid=1747
free 3200 bytes
pid=1748
free 3200 bytes
pid=1749
free 3200 bytes
pid=1750
free 3200 bytes
pid=1751
free 3200 bytes
pid=1752
free 3200 bytes
pid=1753
slow path
free 3200 bytes
pid=1754
free 3200 bytes
pid=1755
free 3200 bytes
pid=1756
free 3200 bytes
pid=1757
free 3200 bytes
pid=1758
free 3200 bytes
pid=1759
free 3200 bytes
pid=1760
free 3200 bytes
pid=1761
free 3200 bytes
pid=1762
free 3200 bytes
pid=1763
free 3200 bytes
pid=1764
free 3200 bytes
pid=1765
free 3200 bytes
pid=1766
free 3200 bytes
pid=1767
free 3200 bytes
pid=1768
free 3200 bytes
pid=1769
free 3200 bytes
pid=1770
free 3200 bytes
pid=1771
free 3200 bytes
pid=1772
free 3200 bytes
pid=1773
free 3200 bytes
pid=1774
free 3200 bytes
pid=1775
free 3200 bytes
pid=1776
free 3200 bytes
pid=1777
free 3200 bytes
pid=1778
free 3200 bytes
pid=1779
free 3200 bytes
pid=1780
free 3200 bytes
pid=1781
free 3200 bytes
pid=1782
free 3200 bytes
pid=1783
free 3200 bytes
pid=1784
free 3200 bytes
pid=1785
slow path
free 3200 bytes
pid=1786
free 3200 bytes
pid=1787
free 3200 bytes
pid=1788
free 3200 bytes
pid=1789
free 3200 bytes
pid=1790
free 3200 bytes
pid=1791
free 3200 bytes
pid=1792
free 3200 bytes
pid=1793
free 3200 bytes
pid=1794
free 3200 bytes
pid=1795
free 3200 bytes
pid=1796
free 3200 bytes
pid=1797
free 3200 bytes
pid=1798
free 3200 bytes
pid=1799
pfree 3200 bytes
id=1800
free 3200 bytes
pid=1801
free 3200 bytes
pid=1802
free 3200 bytes
pid=1803
free 3200 bytes
pid=1804
free 3200 bytes
pid=1805
free 3200 bytes
pid=1806
free 3200 bytes
pid=1807
free 3200 bytes
pid=1808
free 3200 bytes
pid=1809
free 3200 bytes
pid=1810
free 3200 bytes
pid=1811
free 3200 bytes
pid=1812
free 3200 bytes
pid=1813
free 3200 bytes
pid=1814
free 3200 bytes
pid=1815
free 3200 bytes
pid=1816
free 3200 bytes
pid=1817
slow path
free 3200 bytes
pid=1818
free 3200 bytes
pid=1819
free 3200 bytes
pid=1820
free 3200 bytes
pid=1821
free 3200 bytes
pid=1822
free 3200 bytes
pid=1823
pfree 3200 bytes
id=1824
free 3200 bytes
pid=1825
free 3200 bytes
pid=1826
free 3200 bytes
pid=1827
free 3200 bytes
pid=1828
free 3200 bytes
pid=1829
free 3200 bytes
pid=1830
free 3200 bytes
pid=1831
free 3200 bytes
pid=1832
free 3200 bytes
pid=1833
free 3200 bytes
pid=1834
free 3200 bytes
pid=1835
free 3200 bytes
pid=1836
free 3200 bytes
pid=1837
free 3200 bytes
pid=1838
free 3200 bytes
pid=1839
free 3200 bytes
pid=1840
free 3200 bytes
pid=1841
free 3200 bytes
pid=1842
free 3200 bytes
pid=1843
free 3200 bytes
pid=1844
free 3200 bytes
pid=1845
free 3200 bytes
pid=1846
free 3200 bytes
pid=1847
free 3200 bytes
pid=1848
free 3200 bytes
pid=1849
slow path
free 3200 bytes
pid=1850
free 3200 bytes
pid=1851
free 3200 bytes
pid=1852
free 3200 bytes
pid=1853
free 3200 bytes
pid=1854
free 3200 bytes
pid=1855
free 3200 bytes
pid=1856
free 3200 bytes
pid=1857
free 3200 bytes
pid=1858
free 3200 bytes
pid=1859
free 3200 bytes
pid=1860
free 3200 bytes
pid=1861
free 3200 bytes
pid=1862
free 3200 bytes
pid=1863
free 3200 bytes
pid=1864
free 3200 bytes
pid=1865
free 3200 bytes
pid=1866
free 3200 bytes
pid=1867
free 3200 bytes
pid=1868
free 3200 bytes
pid=1869
free 3200 bytes
pid=1870
free 3200 bytes
pid=1871
free 3200 bytes
pid=1872
free 3200 bytes
pid=1873
free 3200 bytes
pid=1874
free 3200 bytes
pid=1875
free 3200 bytes
pid=1876
free 3200 bytes
pid=1877
free 3200 bytes
pid=1878
free 3200 bytes
pid=1879
free 3200 bytes
pid=1880
free 3200 bytes
pid=1881
slow path
free 3200 bytes
pid=1882
free 3200 bytes
pid=1883
free 3200 bytes
pid=1884
free 3200 bytes
pid=1885
free 3200 bytes
pid=1886
free 3200 bytes
pid=1887
free 3200 bytes
pid=1888
free 3200 bytes
pid=1889
free 3200 bytes
pid=1890
free 3200 bytes
pid=1891
free 3200 bytes
pid=1892
free 3200 bytes
pid=1893
free 3200 bytes
pid=1894
free 3200 bytes
pid=1895
free 3200 bytes
pid=1896
free 3200 bytes
pid=1897
free 3200 bytes
pid=1898
free 3200 bytes
pid=1899
free 3200 bytes
pid=1900
free 3200 bytes
pid=1901
free 3200 bytes
pid=1902
free 3200 bytes
pid=1903
free 3200 bytes
pid=1904
free 3200 bytes
pid=1905
free 3200 bytes
pid=1906
free 3200 bytes
pid=1907
free 3200 bytes
pid=1908
free 3200 bytes
pid=1909
free 3200 bytes
pid=1910
free 3200 bytes
pid=1911
free 3200 bytes
pid=1912
slow path
free 3200 bytes
pid=1913
free 3200 bytes
pid=1914
free 3200 bytes
pid=1915
free 3200 bytes
pid=1916
free 3200 bytes
pid=1917
free 3200 bytes
pid=1918
free 3200 bytes
pid=1919
free 3200 bytes
pid=1920
free 3200 bytes
pid=1921
free 3200 bytes
pid=1922
free 3200 bytes
pid=1923
free 3200 bytes
pid=1924
free 3200 bytes
pid=1925
free 3200 bytes
pid=1926
free 3200 bytes
pid=1927
free 3200 bytes
pid=1928
free 3200 bytes
pid=1929
free 3200 bytes
pid=1930
free 3200 bytes
pid=1931
free 3200 bytes
pid=1932
free 3200 bytes
pid=1933
free 3200 bytes
pid=1934
free 3200 bytes
pid=1935
free 3200 bytes
pid=1936
free 3200 bytes
pid=1937
free 3200 bytes
pid=1938
free 3200 bytes
pid=1939
free 3200 bytes
pid=1940
free 3200 bytes
pid=1941
free 3200 bytes
pid=1942
free 3200 bytes
pid=1943
free 3200 bytes
pid=1944
slow path
free 3200 bytes
pid=1945
free 3200 bytes
pid=1946
free 3200 bytes
pid=1947
free 3200 bytes
pid=1948
free 3200 bytes
pid=1949
free 3200 bytes
pid=1950
free 3200 bytes
pid=1951
free 3200 bytes
pid=1952
free 3200 bytes
pid=1953
free 3200 bytes
pid=1954
free 3200 bytes
pid=1955
free 3200 bytes
pid=1956
free 3200 bytes
pid=1957
free 3200 bytes
pid=1958
free 3200 bytes
pid=1959
free 3200 bytes
pid=1960
free 3200 bytes
pid=1961
free 3200 bytes
pid=1962
free 3200 bytes
pid=1963
free 3200 bytes
pid=1964
free 3200 bytes
pid=1965
free 3200 bytes
pid=1966
free 3200 bytes
pid=1967
free 3200 bytes
pid=1968
free 3200 bytes
pid=1969
free 3200 bytes
pid=1970
free 3200 bytes
pid=1971
free 3200 bytes
pid=1972
free 3200 bytes
pid=1973
free 3200 bytes
pid=1974
free 3200 bytes
pid=1975
free 3200 bytes
pid=1976
slow path
free 3200 bytes
pid=1977
free 3200 bytes
pid=1978
free 3200 bytes
pid=1979
free 3200 bytes
pid=1980
free 3200 bytes
pid=1981
free 3200 bytes
pid=1982
free 3200 bytes
pid=1983
free 3200 bytes
pid=1984
free 3200 bytes
pid=1985
free 3200 bytes
pid=1986
free 3200 bytes
pid=1987
free 3200 bytes
pid=1988
free 3200 bytes
pid=1989
free 3200 bytes
pid=1990
free 3200 bytes
pid=1991
free 3200 bytes
pid=1992
free 3200 bytes
pid=1993
free 3200 bytes
pid=1994
free 3200 bytes
pid=1995
free 3200 bytes
pid=1996
free 3200 bytes
pid=1997
free 3200 bytes
pid=1998
free 3200 bytes
pid=1999
free 3200 bytes
pid=2000
free 3200 bytes
pid=2001
free 3200 bytes
pid=2002
free 3200 bytes
pid=2003
free 3200 bytes
pid=2004
free 3200 bytes
pid=2005
free 3200 bytes
pid=2006
free 3200 bytes
pid=2007
free 3200 bytes
pid=2008
slow path
free 3200 bytes
pid=2009
free 3200 bytes
pid=2010
pfree 3200 bytes
id=2011
free 3200 bytes
pid=2012
free 3200 bytes
pid=2013
free 3200 bytes
pid=2014
free 3200 bytes
pid=2015
free 3200 bytes
pid=2016
free 3200 bytes
pid=2017
free 3200 bytes
pid=2018
free 3200 bytes
pid=2019
free 3200 bytes
pid=2020
free 3200 bytes
pid=2021
free 3200 bytes
pid=2022
free 3200 bytes
pid=2023
free 3200 bytes
pid=2024
free 3200 bytes
pid=2025
free 3200 bytes
pid=2026
free 3200 bytes
pid=2027
free 3200 bytes
pid=2028
free 3200 bytes
pid=2029
free 3200 bytes
pid=2030
free 3200 bytes
pid=2031
free 3200 bytes
pid=2032
free 3200 bytes
pid=2033
free 3200 bytes
pid=2034
free 3200 bytes
pid=2035
free 3200 bytes
pid=2036
free 3200 bytes
pid=2037
free 3200 bytes
pid=2038
free 3200 bytes
pid=2039
free 3200 bytes
pid=2040
slow path
free 3200 bytes
pid=2041
free 3200 bytes
pid=2042
free 3200 bytes
pid=2043
free 3200 bytes
pid=2044
free 3200 bytes
pid=2045
free 3200 bytes
pid=2046
free 3200 bytes
pid=2047
free 3200 bytes
pid=2048
free 3200 bytes
pid=2049
free 3200 bytes
pid=2050
free 3200 bytes
pid=2051
free 3200 bytes
pid=2052
free 3200 bytes
pid=2053
free 3200 bytes
pid=2054
free 3200 bytes
pid=2055
free 3200 bytes
pid=2056
free 3200 bytes
pid=2057
free 3200 bytes
pid=2058
free 3200 bytes
pid=2059
free 3200 bytes
pid=2060
free 3200 bytes
pid=2061
free 3200 bytes
pid=2062
free 3200 bytes
pid=2063
free 3200 bytes
pid=2064
free 3200 bytes
pid=2065
free 3200 bytes
pid=2066
free 3200 bytes
pid=2067
free 3200 bytes
pid=2068
free 3200 bytes
pid=2069
free 3200 bytes
pid=2070
free 3200 bytes
pid=2071
free 3200 bytes
pid=2072
slow path
free 3200 bytes
pid=2073
free 3200 bytes
pid=2074
free 3200 bytes
pid=2075
free 3200 bytes
pid=2076
free 3200 bytes
pid=2077
free 3200 bytes
pid=2078
free 3200 bytes
pid=2079
free 3200 bytes
pid=2080
free 3200 bytes
pid=2081
free 3200 bytes
pid=2082
free 3200 bytes
pid=2083
free 3200 bytes
pid=2084
free 3200 bytes
pid=2085
free 3200 bytes
pid=2086
free 3200 bytes
pid=2087
free 3200 bytes
pid=2088
free 3200 bytes
pid=2089
free 3200 bytes
pid=2090
free 3200 bytes
pid=2091
free 3200 bytes
pid=2092
free 3200 bytes
pid=2093
free 3200 bytes
pid=2094
free 3200 bytes
pid=2095
free 3200 bytes
pid=2096
free 3200 bytes
pid=2097
free 3200 bytes
pid=2098
free 3200 bytes
pid=2099
free 3200 bytes
pid=2100
free 3200 bytes
pid=2101
free 3200 bytes
pid=2102
free 3200 bytes
pid=2103
free 3200 bytes
pid=2104
slow path
pfree 3200 bytes
id=2105
free 3200 bytes
pid=2106
free 3200 bytes
pid=2107
free 3200 bytes
pid=2108
free 3200 bytes
pid=2109
free 3200 bytes
pid=2110
free 3200 bytes
pid=2111
free 3200 bytes
pid=2112
free 3200 bytes
pid=2113
free 3200 bytes
pid=2114
free 3200 bytes
pid=2115
free 3200 bytes
pid=2116
free 3200 bytes
pid=2117
free 3200 bytes
pid=2118
free 3200 bytes
pid=2119
free 3200 bytes
pid=2120
free 3200 bytes
pid=2121
free 3200 bytes
pid=2122
free 3200 bytes
pid=2123
free 3200 bytes
pid=2124
free 3200 bytes
pid=2125
free 3200 bytes
pid=2126
free 3200 bytes
pid=2127
free 3200 bytes
pid=2128
free 3200 bytes
pid=2129
free 3200 bytes
pid=2130
free 3200 bytes
pid=2131
free 3200 bytes
pid=2132
free 3200 bytes
pid=2133
free 3200 bytes
pid=2134
free 3200 bytes
pid=2135
free 3200 bytes
pid=2136
slow path
free 3200 bytes
pid=2137
free 3200 bytes
pid=2138
free 3200 bytes
pid=2139
free 3200 bytes
pid=2140
free 3200 bytes
pid=2141
free 3200 bytes
pid=2142
free 3200 bytes
pid=2143
free 3200 bytes
pid=2144
free 3200 bytes
pid=2145
free 3200 bytes
pid=2146
free 3200 bytes
pid=2147
free 3200 bytes
pid=2148
free 3200 bytes
pid=2149
free 3200 bytes
pid=2150
free 3200 bytes
pid=2151
free 3200 bytes
pid=2152
free 3200 bytes
pid=2153
free 3200 bytes
pid=2154
free 3200 bytes
pid=2155
free 3200 bytes
pid=2156
free 3200 bytes
pid=2157
free 3200 bytes
pid=2158
free 3200 bytes
pid=2159
free 3200 bytes
pid=2160
free 3200 bytes
pid=2161
free 3200 bytes
pid=2162
free 3200 bytes
pid=2163
free 3200 bytes
pid=2164
free 3200 bytes
pid=2165
free 3200 bytes
pid=2166
free 3200 bytes
pid=2167
slow path
free 3200 bytes
pid=2168
free 3200 bytes
pid=2169
free 3200 bytes
pid=2170
free 3200 bytes
pid=2171
free 3200 bytes
pid=2172
free 3200 bytes
pid=2173
free 3200 bytes
pid=2174
free 3200 bytes
pid=2175
free 3200 bytes
pid=2176
free 3200 bytes
pid=2177
free 3200 bytes
pid=2178
free 3200 bytes
pid=2179
free 3200 bytes
pid=2180
free 3200 bytes
pid=2181
free 3200 bytes
pid=2182
free 3200 bytes
pid=2183
free 3200 bytes
pid=2184
free 3200 bytes
pid=2185
free 3200 bytes
pid=2186
free 3200 bytes
pid=2187
free 3200 bytes
pid=2188
free 3200 bytes
pid=2189
free 3200 bytes
pid=2190
free 3200 bytes
pid=2191
free 3200 bytes
pid=2192
free 3200 bytes
pid=2193
free 3200 bytes
pid=2194
free 3200 bytes
pid=2195
free 3200 bytes
pid=2196
free 3200 bytes
pid=2197
free 3200 bytes
pid=2198
free 3200 bytes
pid=2199
slow path
free 3200 bytes
pid=2200
free 3200 bytes
pid=2201
free 3200 bytes
pid=2202
free 3200 bytes
pid=2203
free 3200 bytes
pid=2204
free 3200 bytes
pid=2205
free 3200 bytes
pid=2206
free 3200 bytes
pid=2207
free 3200 bytes
pid=2208
free 3200 bytes
pid=2209
free 3200 bytes
pid=2210
free 3200 bytes
pid=2211
free 3200 bytes
pid=2212
free 3200 bytes
pid=2213
free 3200 bytes
pid=2214
free 3200 bytes
pid=2215
free 3200 bytes
pid=2216
free 3200 bytes
pid=2217
free 3200 bytes
pid=2218
free 3200 bytes
pid=2219
free 3200 bytes
pid=2220
free 3200 bytes
pid=2221
free 3200 bytes
pid=2222
free 3200 bytes
pid=2223
free 3200 bytes
pid=2224
free 3200 bytes
pid=2225
pfree 3200 bytes
id=2226
free 3200 bytes
pid=2227
free 3200 bytes
pid=2228
free 3200 bytes
pid=2229
free 3200 bytes
pid=2230
free 3200 bytes
pid=2231
slow path
free 3200 bytes
pid=2232
free 3200 bytes
pid=2233
free 3200 bytes
pid=2234
free 3200 bytes
pid=2235
free 3200 bytes
pid=2236
free 3200 bytes
pid=2237
free 3200 bytes
pid=2238
free 3200 bytes
pid=2239
free 3200 bytes
pid=2240
free 3200 bytes
pid=2241
free 3200 bytes
pid=2242
free 3200 bytes
pid=2243
free 3200 bytes
pid=2244
free 3200 bytes
pid=2245
free 3200 bytes
pid=2246
free 3200 bytes
pid=2247
free 3200 bytes
pid=2248
free 3200 bytes
pid=2249
free 3200 bytes
pid=2250
free 3200 bytes
pid=2251
free 3200 bytes
pid=2252
free 3200 bytes
pid=2253
free 3200 bytes
pid=2254
free 3200 bytes
pid=2255
free 3200 bytes
pid=2256
free 3200 bytes
pid=2257
free 3200 bytes
pid=2258
free 3200 bytes
pid=2259
free 3200 bytes
pid=2260
free 3200 bytes
pid=2261
free 3200 bytes
pid=2262
free 3200 bytes
pid=2263
slow path
free 3200 bytes
pid=2264
free 3200 bytes
pid=2265
free 3200 bytes
pid=2266
free 3200 bytes
pid=2267
free 3200 bytes
pid=2268
free 3200 bytes
pid=2269
free 3200 bytes
pid=2270
free 3200 bytes
pid=2271
free 3200 bytes
pid=2272
free 3200 bytes
pid=2273
free 3200 bytes
pid=2274
free 3200 bytes
pid=2275
free 3200 bytes
pid=2276
free 3200 bytes
pid=2277
pfree 3200 bytes
id=2278
free 3200 bytes
pid=2279
free 3200 bytes
pid=2280
free 3200 bytes
pid=2281
free 3200 bytes
pid=2282
free 3200 bytes
pid=2283
free 3200 bytes
pid=2284
free 3200 bytes
pid=2285
free 3200 bytes
pid=2286
free 3200 bytes
pid=2287
free 3200 bytes
pid=2288
free 3200 bytes
pid=2289
free 3200 bytes
pid=2290
free 3200 bytes
pid=2291
free 3200 bytes
pid=2292
free 3200 bytes
pid=2293
free 3200 bytes
pid=2294
free 3200 bytes
pid=2295
slow path
free 3200 bytes
pid=2296
free 3200 bytes
pid=2297
free 3200 bytes
pid=2298
free 3200 bytes
pid=2299
free 3200 bytes
pid=2300
free 3200 bytes
pid=2301
free 3200 bytes
pid=2302
free 3200 bytes
pid=2303
free 3200 bytes
pid=2304
free 3200 bytes
pid=2305
free 3200 bytes
pid=2306
free 3200 bytes
pid=2307
free 3200 bytes
pid=2308
free 3200 bytes
pid=2309
free 3200 bytes
pid=2310
free 3200 bytes
pid=2311
free 3200 bytes
pid=2312
free 3200 bytes
pid=2313
free 3200 bytes
pid=2314
free 3200 bytes
pid=2315
free 3200 bytes
pid=2316
free 3200 bytes
pid=2317
free 3200 bytes
pid=2318
free 3200 bytes
pid=2319
free 3200 bytes
pid=2320
free 3200 bytes
pid=2321
free 3200 bytes
pid=2322
free 3200 bytes
pid=2323
free 3200 bytes
pid=2324
free 3200 bytes
pid=2325
free 3200 bytes
pid=2326
free 3200 bytes
pid=2327
slow path
free 3200 bytes
pid=2328
free 3200 bytes
pid=2329
pfree 3200 bytes
id=2330
free 3200 bytes
pid=2331
free 3200 bytes
pid=2332
free 3200 bytes
pid=2333
free 3200 bytes
pid=2334
free 3200 bytes
pid=2335
free 3200 bytes
pid=2336
free 3200 bytes
pid=2337
free 3200 bytes
pid=2338
free 3200 bytes
pid=2339
free 3200 bytes
pid=2340
free 3200 bytes
pid=2341
free 3200 bytes
pid=2342
free 3200 bytes
pid=2343
free 3200 bytes
pid=2344
free 3200 bytes
pid=2345
free 3200 bytes
pid=2346
free 3200 bytes
pid=2347
free 3200 bytes
pid=2348
free 3200 bytes
pid=2349
free 3200 bytes
pid=2350
free 3200 bytes
pid=2351
free 3200 bytes
pid=2352
free 3200 bytes
pid=2353
free 3200 bytes
pid=2354
free 3200 bytes
pid=2355
free 3200 bytes
pid=2356
free 3200 bytes
pid=2357
free 3200 bytes
pid=2358
free 3200 bytes
pid=2359
slow path
free 3200 bytes
pid=2360
free 3200 bytes
pid=2361
free 3200 bytes
pid=2362
free 3200 bytes
pid=2363
free 3200 bytes
pid=2364
free 3200 bytes
pid=2365
free 3200 bytes
pid=2366
free 3200 bytes
pid=2367
free 3200 bytes
pid=2368
free 3200 bytes
pid=2369
free 3200 bytes
pid=2370
free 3200 bytes
pid=2371
free 3200 bytes
pid=2372
free 3200 bytes
pid=2373
free 3200 bytes
pid=2374
free 3200 bytes
pid=2375
free 3200 bytes
pid=2376
free 3200 bytes
pid=2377
free 3200 bytes
pid=2378
free 3200 bytes
pid=2379
free 3200 bytes
pid=2380
free 3200 bytes
pid=2381
free 3200 bytes
pid=2382
free 3200 bytes
pid=2383
free 3200 bytes
pid=2384
free 3200 bytes
pid=2385
free 3200 bytes
pid=2386
free 3200 bytes
pid=2387
free 3200 bytes
pid=2388
free 3200 bytes
pid=2389
free 3200 bytes
pid=2390
free 3200 bytes
pid=2391
slow path
free 3200 bytes
pid=2392
free 3200 bytes
pid=2393
free 3200 bytes
pid=2394
free 3200 bytes
pid=2395
free 3200 bytes
pid=2396
free 3200 bytes
pid=2397
free 3200 bytes
pid=2398
free 3200 bytes
pid=2399
free 3200 bytes
pid=2400
free 3200 bytes
pid=2401
free 3200 bytes
pid=2402
free 3200 bytes
pid=2403
free 3200 bytes
pid=2404
free 3200 bytes
pid=2405
free 3200 bytes
pid=2406
free 3200 bytes
pid=2407
free 3200 bytes
pid=2408
free 3200 bytes
pid=2409
free 3200 bytes
pid=2410
free 3200 bytes
pid=2411
free 3200 bytes
pid=2412
free 3200 bytes
pid=2413
free 3200 bytes
pid=2414
free 3200 bytes
pid=2415
free 3200 bytes
pid=2416
free 3200 bytes
pid=2417
free 3200 bytes
pid=2418
free 3200 bytes
pid=2419
free 3200 bytes
pid=2420
free 3200 bytes
pid=2421
free 3200 bytes
pid=2422
slow path
free 3200 bytes
pid=2423
free 3200 bytes
pid=2424
free 3200 bytes
pid=2425
free 3200 bytes
pid=2426
free 3200 bytes
pid=2427
free 3200 bytes
pid=2428
free 3200 bytes
pid=2429
free 3200 bytes
pid=2430
pfree 3200 bytes
id=2431
free 3200 bytes
pid=2432
free 3200 bytes
pid=2433
free 3200 bytes
pid=2434
free 3200 bytes
pid=2435
free 3200 bytes
pid=2436
free 3200 bytes
pid=2437
free 3200 bytes
pid=2438
free 3200 bytes
pid=2439
free 3200 bytes
pid=2440
free 3200 bytes
pid=2441
free 3200 bytes
pid=2442
free 3200 bytes
pid=2443
free 3200 bytes
pid=2444
free 3200 bytes
pid=2445
free 3200 bytes
pid=2446
free 3200 bytes
pid=2447
free 3200 bytes
pid=2448
free 3200 bytes
pid=2449
free 3200 bytes
pid=2450
free 3200 bytes
pid=2451
free 3200 bytes
pid=2452
free 3200 bytes
pid=2453
free 3200 bytes
pid=2454
slow path
free 3200 bytes
pid=2455
free 3200 bytes
pid=2456
free 3200 bytes
pid=2457
free 3200 bytes
pid=2458
free 3200 bytes
pid=2459
free 3200 bytes
pid=2460
free 3200 bytes
pid=2461
free 3200 bytes
pid=2462
free 3200 bytes
pid=2463
free 3200 bytes
pid=2464
free 3200 bytes
pid=2465
free 3200 bytes
pid=2466
free 3200 bytes
pid=2467
free 3200 bytes
pid=2468
free 3200 bytes
pid=2469
free 3200 bytes
pid=2470
free 3200 bytes
pid=2471
free 3200 bytes
pid=2472
free 3200 bytes
pid=2473
free 3200 bytes
pid=2474
free 3200 bytes
pid=2475
free 3200 bytes
pid=2476
free 3200 bytes
pid=2477
free 3200 bytes
pid=2478
free 3200 bytes
pid=2479
pfree 3200 bytes
id=2480
free 3200 bytes
pid=2481
free 3200 bytes
pid=2482
free 3200 bytes
pid=2483
free 3200 bytes
pid=2484
free 3200 bytes
pid=2485
free 3200 bytes
pid=2486
slow path
free 3200 bytes
pid=2487
free 3200 bytes
pid=2488
free 3200 bytes
pid=2489
free 3200 bytes
pid=2490
free 3200 bytes
pid=2491
free 3200 bytes
pid=2492
free 3200 bytes
pid=2493
free 3200 bytes
pid=2494
free 3200 bytes
pid=2495
free 3200 bytes
pid=2496
free 3200 bytes
pid=2497
free 3200 bytes
pid=2498
free 3200 bytes
pid=2499
free 3200 bytes
pid=2500
free 3200 bytes
pid=2501
free 3200 bytes
pid=2502
free 3200 bytes
pid=2503
free 3200 bytes
pid=2504
pfree 3200 bytes
id=2505
free 3200 bytes
pid=2506
free 3200 bytes
pid=2507
free 3200 bytes
pid=2508
free 3200 bytes
pid=2509
free 3200 bytes
pid=2510
free 3200 bytes
pid=2511
free 3200 bytes
pid=2512
free 3200 bytes
pid=2513
free 3200 bytes
pid=2514
free 3200 bytes
pid=2515
free 3200 bytes
pid=2516
free 3200 bytes
pid=2517
free 3200 bytes
pid=2518
slow path
free 3200 bytes
pid=2519
free 3200 bytes
pid=2520
free 3200 bytes
pid=2521
free 3200 bytes
pid=2522
free 3200 bytes
pid=2523
free 3200 bytes
pid=2524
free 3200 bytes
pid=2525
free 3200 bytes
pid=2526
free 3200 bytes
pid=2527
free 3200 bytes
pid=2528
free 3200 bytes
pid=2529
free 3200 bytes
pid=2530
free 3200 bytes
pid=2531
free 3200 bytes
pid=2532
free 3200 bytes
pid=2533
free 3200 bytes
pid=2534
free 3200 bytes
pid=2535
free 3200 bytes
pid=2536
free 3200 bytes
pid=2537
free 3200 bytes
pid=2538
free 3200 bytes
pid=2539
free 3200 bytes
pid=2540
free 3200 bytes
pid=2541
free 3200 bytes
pid=2542
free 3200 bytes
pid=2543
free 3200 bytes
pid=2544
free 3200 bytes
pid=2545
free 3200 bytes
pid=2546
free 3200 bytes
pid=2547
free 3200 bytes
pid=2548
free 3200 bytes
pid=2549
free 3200 bytes
pid=2550
slow path
free 3200 bytes
pid=2551
free 3200 bytes
pid=2552
free 3200 bytes
pid=2553
free 3200 bytes
pid=2554
free 3200 bytes
pid=2555
free 3200 bytes
pid=2556
free 3200 bytes
pid=2557
pfree 3200 bytes
id=2558
free 3200 bytes
pid=2559
free 3200 bytes
pid=2560
free 3200 bytes
pid=2561
free 3200 bytes
pid=2562
free 3200 bytes
pid=2563
free 3200 bytes
pid=2564
free 3200 bytes
pid=2565
free 3200 bytes
pid=2566
free 3200 bytes
pid=2567
free 3200 bytes
pid=2568
free 3200 bytes
pid=2569
free 3200 bytes
pid=2570
free 3200 bytes
pid=2571
free 3200 bytes
pid=2572
free 3200 bytes
pid=2573
free 3200 bytes
pid=2574
free 3200 bytes
pid=2575
free 3200 bytes
pid=2576
free 3200 bytes
pid=2577
free 3200 bytes
pid=2578
free 3200 bytes
pid=2579
free 3200 bytes
pid=2580
free 3200 bytes
pid=2581
free 3200 bytes
pid=2582
slow path
free 3200 bytes
pid=2583
free 3200 bytes
pid=2584
free 3200 bytes
pid=2585
free 3200 bytes
pid=2586
free 3200 bytes
pid=2587
free 3200 bytes
pid=2588
free 3200 bytes
pid=2589
free 3200 bytes
pid=2590
free 3200 bytes
pid=2591
free 3200 bytes
pid=2592
free 3200 bytes
pid=2593
free 3200 bytes
pid=2594
free 3200 bytes
pid=2595
free 3200 bytes
pid=2596
free 3200 bytes
pid=2597
free 3200 bytes
pid=2598
free 3200 bytes
pid=2599
free 3200 bytes
pid=2600
free 3200 bytes
pid=2601
free 3200 bytes
pid=2602
free 3200 bytes
pid=2603
free 3200 bytes
pid=2604
free 3200 bytes
pid=2605
free 3200 bytes
pid=2606
free 3200 bytes
pid=2607
free 3200 bytes
pid=2608
free 3200 bytes
pid=2609
free 3200 bytes
pid=2610
free 3200 bytes
pid=2611
free 3200 bytes
pid=2612
free 3200 bytes
pid=2613
free 3200 bytes
pid=2614
slow path
free 3200 bytes
pid=2615
free 3200 bytes
pid=2616
free 3200 bytes
pid=2617
free 3200 bytes
pid=2618
free 3200 bytes
pid=2619
free 3200 bytes
pid=2620
free 3200 bytes
pid=2621
free 3200 bytes
pid=2622
free 3200 bytes
pid=2623
free 3200 bytes
pid=2624
free 3200 bytes
pid=2625
free 3200 bytes
pid=2626
free 3200 bytes
pid=2627
free 3200 bytes
pid=2628
free 3200 bytes
pid=2629
free 3200 bytes
pid=2630
free 3200 bytes
pid=2631
free 3200 bytes
pid=2632
free 3200 bytes
pid=2633
free 3200 bytes
pid=2634
free 3200 bytes
pid=2635
free 3200 bytes
pid=2636
free 3200 bytes
pid=2637
free 3200 bytes
pid=2638
free 3200 bytes
pid=2639
free 3200 bytes
pid=2640
free 3200 bytes
pid=2641
free 3200 bytes
pid=2642
free 3200 bytes
pid=2643
free 3200 bytes
pid=2644
free 3200 bytes
pid=2645
free 3200 bytes
pid=2646
slow path
free 3200 bytes
pid=2647
free 3200 bytes
pid=2648
free 3200 bytes
pid=2649
free 3200 bytes
pid=2650
free 3200 bytes
pid=2651
free 3200 bytes
pid=2652
free 3200 bytes
pid=2653
free 3200 bytes
pid=2654
free 3200 bytes
pid=2655
free 3200 bytes
pid=2656
free 3200 bytes
pid=2657
free 3200 bytes
pid=2658
free 3200 bytes
pid=2659
free 3200 bytes
pid=2660
free 3200 bytes
pid=2661
free 3200 bytes
pid=2662
free 3200 bytes
pid=2663
free 3200 bytes
pid=2664
free 3200 bytes
pid=2665
free 3200 bytes
pid=2666
free 3200 bytes
pid=2667
free 3200 bytes
pid=2668
free 3200 bytes
pid=2669
free 3200 bytes
pid=2670
free 3200 bytes
pid=2671
free 3200 bytes
pid=2672
free 3200 bytes
pid=2673
free 3200 bytes
pid=2674
free 3200 bytes
pid=2675
free 3200 bytes
pid=2676
free 3200 bytes
pid=2677
slow path
free 3200 bytes
pid=2678
free 3200 bytes
pid=2679
free 3200 bytes
pid=2680
free 3200 bytes
pid=2681
free 3200 bytes
pid=2682
free 3200 bytes
pid=2683
free 3200 bytes
pid=2684
free 3200 bytes
pid=2685
pfree 3200 bytes
id=2686
free 3200 bytes
pid=2687
free 3200 bytes
pid=2688
free 3200 bytes
pid=2689
free 3200 bytes
pid=2690
free 3200 bytes
pid=2691
free 3200 bytes
pid=2692
free 3200 bytes
pid=2693
free 3200 bytes
pid=2694
free 3200 bytes
pid=2695
free 3200 bytes
pid=2696
free 3200 bytes
pid=2697
free 3200 bytes
pid=2698
free 3200 bytes
pid=2699
free 3200 bytes
pid=2700
free 3200 bytes
pid=2701
free 3200 bytes
pid=2702
free 3200 bytes
pid=2703
free 3200 bytes
pid=2704
free 3200 bytes
pid=2705
free 3200 bytes
pid=2706
free 3200 bytes
pid=2707
free 3200 bytes
pid=2708
free 3200 bytes
pid=2709
slow path
free 3200 bytes
pid=2710
free 3200 bytes
pid=2711
pfree 3200 bytes
id=2712
free 3200 bytes
pid=2713
free 3200 bytes
pid=2714
free 3200 bytes
pid=2715
free 3200 bytes
pid=2716
free 3200 bytes
pid=2717
free 3200 bytes
pid=2718
free 3200 bytes
pid=2719
free 3200 bytes
pid=2720
free 3200 bytes
pid=2721
free 3200 bytes
pid=2722
free 3200 bytes
pid=2723
free 3200 bytes
pid=2724
free 3200 bytes
pid=2725
free 3200 bytes
pid=2726
free 3200 bytes
pid=2727
free 3200 bytes
pid=2728
free 3200 bytes
pid=2729
free 3200 bytes
pid=2730
free 3200 bytes
pid=2731
free 3200 bytes
pid=2732
free 3200 bytes
pid=2733
free 3200 bytes
pid=2734
free 3200 bytes
pid=2735
free 3200 bytes
pid=2736
free 3200 bytes
pid=2737
free 3200 bytes
pid=2738
free 3200 bytes
pid=2739
free 3200 bytes
pid=2740
free 3200 bytes
pid=2741
slow path
free 3200 bytes
pid=2742
free 3200 bytes
pid=2743
free 3200 bytes
pid=2744
free 3200 bytes
pid=2745
free 3200 bytes
pid=2746
free 3200 bytes
pid=2747
free 3200 bytes
pid=2748
free 3200 bytes
pid=2749
free 3200 bytes
pid=2750
free 3200 bytes
pid=2751
free 3200 bytes
pid=2752
free 3200 bytes
pid=2753
free 3200 bytes
pid=2754
free 3200 bytes
pid=2755
free 3200 bytes
pid=2756
free 3200 bytes
pid=2757
free 3200 bytes
pid=2758
free 3200 bytes
pid=2759
free 3200 bytes
pid=2760
free 3200 bytes
pid=2761
free 3200 bytes
pid=2762
free 3200 bytes
pid=2763
free 3200 bytes
pid=2764
free 3200 bytes
pid=2765
free 3200 bytes
pid=2766
free 3200 bytes
pid=2767
free 3200 bytes
pid=2768
free 3200 bytes
pid=2769
free 3200 bytes
pid=2770
free 3200 bytes
pid=2771
free 3200 bytes
pid=2772
free 3200 bytes
pid=2773
slow path
free 3200 bytes
pid=2774
free 3200 bytes
pid=2775
free 3200 bytes
pid=2776
free 3200 bytes
pid=2777
free 3200 bytes
pid=2778
free 3200 bytes
pid=2779
free 3200 bytes
pid=2780
free 3200 bytes
pid=2781
free 3200 bytes
pid=2782
free 3200 bytes
pid=2783
free 3200 bytes
pid=2784
free 3200 bytes
pid=2785
free 3200 bytes
pid=2786
free 3200 bytes
pid=2787
free 3200 bytes
pid=2788
free 3200 bytes
pid=2789
free 3200 bytes
pid=2790
free 3200 bytes
pid=2791
free 3200 bytes
pid=2792
free 3200 bytes
pid=2793
free 3200 bytes
pid=2794
free 3200 bytes
pid=2795
free 3200 bytes
pid=2796
free 3200 bytes
pid=2797
free 3200 bytes
pid=2798
free 3200 bytes
pid=2799
free 3200 bytes
pid=2800
free 3200 bytes
pid=2801
free 3200 bytes
pid=2802
free 3200 bytes
pid=2803
free 3200 bytes
pid=2804
free 3200 bytes
pid=2805
slow path
free 3200 bytes
pid=2806
free 3200 bytes
pid=2807
free 3200 bytes
pid=2808
free 3200 bytes
pid=2809
free 3200 bytes
pid=2810
free 3200 bytes
pid=2811
free 3200 bytes
pid=2812
free 3200 bytes
pid=2813
pfree 3200 bytes
id=2814
free 3200 bytes
pid=2815
free 3200 bytes
pid=2816
free 3200 bytes
pid=2817
free 3200 bytes
pid=2818
free 3200 bytes
pid=2819
free 3200 bytes
pid=2820
free 3200 bytes
pid=2821
free 3200 bytes
pid=2822
free 3200 bytes
pid=2823
free 3200 bytes
pid=2824
free 3200 bytes
pid=2825
free 3200 bytes
pid=2826
free 3200 bytes
pid=2827
free 3200 bytes
pid=2828
free 3200 bytes
pid=2829
free 3200 bytes
pid=2830
free 3200 bytes
pid=2831
free 3200 bytes
pid=2832
free 3200 bytes
pid=2833
free 3200 bytes
pid=2834
free 3200 bytes
pid=2835
free 3200 bytes
pid=2836
free 3200 bytes
pid=2837
slow path
free 3200 bytes
pid=2838
free 3200 bytes
pid=2839
free 3200 bytes
pid=2840
free 3200 bytes
pid=2841
free 3200 bytes
pid=2842
free 3200 bytes
pid=2843
free 3200 bytes
pid=2844
free 3200 bytes
pid=2845
free 3200 bytes
pid=2846
free 3200 bytes
pid=2847
free 3200 bytes
pid=2848
free 3200 bytes
pid=2849
free 3200 bytes
pid=2850
free 3200 bytes
pid=2851
free 3200 bytes
pid=2852
free 3200 bytes
pid=2853
free 3200 bytes
pid=2854
free 3200 bytes
pid=2855
free 3200 bytes
pid=2856
free 3200 bytes
pid=2857
free 3200 bytes
pid=2858
free 3200 bytes
pid=2859
free 3200 bytes
pid=2860
free 3200 bytes
pid=2861
free 3200 bytes
pid=2862
free 3200 bytes
pid=2863
free 3200 bytes
pid=2864
pfree 3200 bytes
id=2865
free 3200 bytes
pid=2866
free 3200 bytes
pid=2867
free 3200 bytes
pid=2868
free 3200 bytes
pid=2869
slow path
free 3200 bytes
pid=2870
free 3200 bytes
pid=2871
free 3200 bytes
pid=2872
free 3200 bytes
pid=2873
free 3200 bytes
pid=2874
free 3200 bytes
pid=2875
free 3200 bytes
pid=2876
free 3200 bytes
pid=2877
free 3200 bytes
pid=2878
free 3200 bytes
pid=2879
free 3200 bytes
pid=2880
free 3200 bytes
pid=2881
free 3200 bytes
pid=2882
free 3200 bytes
pid=2883
free 3200 bytes
pid=2884
free 3200 bytes
pid=2885
free 3200 bytes
pid=2886
free 3200 bytes
pid=2887
free 3200 bytes
pid=2888
free 3200 bytes
pid=2889
free 3200 bytes
pid=2890
free 3200 bytes
pid=2891
free 3200 bytes
pid=2892
free 3200 bytes
pid=2893
free 3200 bytes
pid=2894
free 3200 bytes
pid=2895
free 3200 bytes
pid=2896
free 3200 bytes
pid=2897
free 3200 bytes
pid=2898
free 3200 bytes
pid=2899
free 3200 bytes
pid=2900
free 3200 bytes
pid=2901
slow path
free 3200 bytes
pid=2902
free 3200 bytes
pid=2903
free 3200 bytes
pid=2904
free 3200 bytes
pid=2905
free 3200 bytes
pid=2906
free 3200 bytes
pid=2907
free 3200 bytes
pid=2908
free 3200 bytes
pid=2909
free 3200 bytes
pid=2910
free 3200 bytes
pid=2911
free 3200 bytes
pid=2912
free 3200 bytes
pid=2913
free 3200 bytes
pid=2914
free 3200 bytes
pid=2915
free 3200 bytes
pid=2916
free 3200 bytes
pid=2917
free 3200 bytes
pid=2918
free 3200 bytes
pid=2919
free 3200 bytes
pid=2920
free 3200 bytes
pid=2921
free 3200 bytes
pid=2922
free 3200 bytes
pid=2923
free 3200 bytes
pid=2924
free 3200 bytes
pid=2925
free 3200 bytes
pid=2926
free 3200 bytes
pid=2927
free 3200 bytes
pid=2928
free 3200 bytes
pid=2929
free 3200 bytes
pid=2930
free 3200 bytes
pid=2931
free 3200 bytes
pid=2932
slow path
free 3200 bytes
pid=2933
free 3200 bytes
pid=2934
free 3200 bytes
pid=2935
free 3200 bytes
pid=2936
free 3200 bytes
pid=2937
free 3200 bytes
pid=2938
free 3200 bytes
pid=2939
free 3200 bytes
pid=2940
free 3200 bytes
pid=2941
pfree 3200 bytes
id=2942
free 3200 bytes
pid=2943
free 3200 bytes
pid=2944
free 3200 bytes
pid=2945
free 3200 bytes
pid=2946
free 3200 bytes
pid=2947
free 3200 bytes
pid=2948
free 3200 bytes
pid=2949
free 3200 bytes
pid=2950
free 3200 bytes
pid=2951
free 3200 bytes
pid=2952
free 3200 bytes
pid=2953
free 3200 bytes
pid=2954
free 3200 bytes
pid=2955
free 3200 bytes
pid=2956
free 3200 bytes
pid=2957
free 3200 bytes
pid=2958
free 3200 bytes
pid=2959
free 3200 bytes
pid=2960
free 3200 bytes
pid=2961
free 3200 bytes
pid=2962
free 3200 bytes
pid=2963
free 3200 bytes
pid=2964
slow path
free 3200 bytes
pid=2965
free 3200 bytes
pid=2966
free 3200 bytes
pid=2967
pfree 3200 bytes
id=2968
free 3200 bytes
pid=2969
free 3200 bytes
pid=2970
free 3200 bytes
pid=2971
free 3200 bytes
pid=2972
free 3200 bytes
pid=2973
free 3200 bytes
pid=2974
free 3200 bytes
pid=2975
free 3200 bytes
pid=2976
free 3200 bytes
pid=2977
free 3200 bytes
pid=2978
free 3200 bytes
pid=2979
free 3200 bytes
pid=2980
free 3200 bytes
pid=2981
free 3200 bytes
pid=2982
free 3200 bytes
pid=2983
free 3200 bytes
pid=2984
free 3200 bytes
pid=2985
free 3200 bytes
pid=2986
free 3200 bytes
pid=2987
free 3200 bytes
pid=2988
free 3200 bytes
pid=2989
free 3200 bytes
pid=2990
free 3200 bytes
pid=2991
free 3200 bytes
pid=2992
free 3200 bytes
pid=2993
free 3200 bytes
pid=2994
free 3200 bytes
pid=2995
free 3200 bytes
pid=2996
slow path
free 3200 bytes
pid=2997
free 3200 bytes
pid=2998
free 3200 bytes
pid=2999
free 3200 bytes
pid=3000
free 3200 bytes
pid=3001
free 3200 bytes
pid=3002
free 3200 bytes
pid=3003
free 3200 bytes
pid=3004
free 3200 bytes
pid=3005
free 3200 bytes
pid=3006
free 3200 bytes
pid=3007
free 3200 bytes
pid=3008
free 3200 bytes
pid=3009
free 3200 bytes
pid=3010
free 3200 bytes
pid=3011
free 3200 bytes
pid=3012
free 3200 bytes
pid=3013
free 3200 bytes
pid=3014
free 3200 bytes
pid=3015
free 3200 bytes
pid=3016
free 3200 bytes
pid=3017
free 3200 bytes
pid=3018
free 3200 bytes
pid=3019
free 3200 bytes
pid=3020
free 3200 bytes
pid=3021
free 3200 bytes
pid=3022
free 3200 bytes
pid=3023
free 3200 bytes
pid=3024
free 3200 bytes
pid=3025
free 3200 bytes
pid=3026
free 3200 bytes
pid=3027
free 3200 bytes
pid=3028
slow path
free 3200 bytes
pid=3029
free 3200 bytes
pid=3030
free 3200 bytes
pid=3031
free 3200 bytes
pid=3032
free 3200 bytes
pid=3033
free 3200 bytes
pid=3034
free 3200 bytes
pid=3035
free 3200 bytes
pid=3036
free 3200 bytes
pid=3037
free 3200 bytes
pid=3038
free 3200 bytes
pid=3039
free 3200 bytes
pid=3040
free 3200 bytes
pid=3041
free 3200 bytes
pid=3042
free 3200 bytes
pid=3043
free 3200 bytes
pid=3044
free 3200 bytes
pid=3045
free 3200 bytes
pid=3046
free 3200 bytes
pid=3047
free 3200 bytes
pid=3048
free 3200 bytes
pid=3049
free 3200 bytes
pid=3050
free 3200 bytes
pid=3051
free 3200 bytes
pid=3052
free 3200 bytes
pid=3053
free 3200 bytes
pid=3054
free 3200 bytes
pid=3055
free 3200 bytes
pid=3056
free 3200 bytes
pid=3057
free 3200 bytes
pid=3058
free 3200 bytes
pid=3059
free 3200 bytes
pid=3060
slow path
free 3200 bytes
pid=3061
free 3200 bytes
pid=3062
free 3200 bytes
pid=3063
free 3200 bytes
pid=3064
free 3200 bytes
pid=3065
free 3200 bytes
pid=3066
free 3200 bytes
pid=3067
free 3200 bytes
pid=3068
free 3200 bytes
pid=3069
free 3200 bytes
pid=3070
free 3200 bytes
pid=3071
free 3200 bytes
pid=3072
free 3200 bytes
pid=3073
free 3200 bytes
pid=3074
free 3200 bytes
pid=3075
free 3200 bytes
pid=3076
free 3200 bytes
pid=3077
free 3200 bytes
pid=3078
free 3200 bytes
pid=3079
free 3200 bytes
pid=3080
free 3200 bytes
pid=3081
free 3200 bytes
pid=3082
free 3200 bytes
pid=3083
free 3200 bytes
pid=3084
free 3200 bytes
pid=3085
free 3200 bytes
pid=3086
free 3200 bytes
pid=3087
free 3200 bytes
pid=3088
free 3200 bytes
pid=3089
free 3200 bytes
pid=3090
free 3200 bytes
pid=3091
free 3200 bytes
pid=3092
slow path
free 3200 bytes
pid=3093
free 3200 bytes
pid=3094
free 3200 bytes
pid=3095
free 3200 bytes
pid=3096
free 3200 bytes
pid=3097
free 3200 bytes
pid=3098
free 3200 bytes
pid=3099
free 3200 bytes
pid=3100
free 3200 bytes
pid=3101
free 3200 bytes
pid=3102
free 3200 bytes
pid=3103
free 3200 bytes
pid=3104
free 3200 bytes
pid=3105
free 3200 bytes
pid=3106
free 3200 bytes
pid=3107
free 3200 bytes
pid=3108
free 3200 bytes
pid=3109
free 3200 bytes
pid=3110
free 3200 bytes
pid=3111
free 3200 bytes
pid=3112
free 3200 bytes
pid=3113
free 3200 bytes
pid=3114
free 3200 bytes
pid=3115
free 3200 bytes
pid=3116
free 3200 bytes
pid=3117
free 3200 bytes
pid=3118
free 3200 bytes
pid=3119
free 3200 bytes
pid=3120
free 3200 bytes
pid=3121
free 3200 bytes
pid=3122
free 3200 bytes
pid=3123
free 3200 bytes
pid=3124
slow path
free 3200 bytes
pid=3125
free 3200 bytes
pid=3126
free 3200 bytes
pid=3127
free 3200 bytes
pid=3128
free 3200 bytes
pid=3129
free 3200 bytes
pid=3130
free 3200 bytes
pid=3131
free 3200 bytes
pid=3132
free 3200 bytes
pid=3133
free 3200 bytes
pid=3134
free 3200 bytes
pid=3135
free 3200 bytes
pid=3136
free 3200 bytes
pid=3137
free 3200 bytes
pid=3138
free 3200 bytes
pid=3139
free 3200 bytes
pid=3140
free 3200 bytes
pid=3141
free 3200 bytes
pid=3142
free 3200 bytes
pid=3143
free 3200 bytes
pid=3144
free 3200 bytes
pid=3145
free 3200 bytes
pid=3146
free 3200 bytes
pid=3147
free 3200 bytes
pid=3148
free 3200 bytes
pid=3149
free 3200 bytes
pid=3150
free 3200 bytes
pid=3151
free 3200 bytes
pid=3152
free 3200 bytes
pid=3153
free 3200 bytes
pid=3154
free 3200 bytes
pid=3155
free 3200 bytes
pid=3156
slow path
free 3200 bytes
pid=3157
free 3200 bytes
pid=3158
free 3200 bytes
pid=3159
free 3200 bytes
pid=3160
free 3200 bytes
pid=3161
free 3200 bytes
pid=3162
free 3200 bytes
pid=3163
free 3200 bytes
pid=3164
free 3200 bytes
pid=3165
free 3200 bytes
pid=3166
free 3200 bytes
pid=3167
free 3200 bytes
pid=3168
free 3200 bytes
pid=3169
free 3200 bytes
pid=3170
free 3200 bytes
pid=3171
free 3200 bytes
pid=3172
free 3200 bytes
pid=3173
free 3200 bytes
pid=3174
pfree 3200 bytes
id=3175
free 3200 bytes
pid=3176
free 3200 bytes
pid=3177
free 3200 bytes
pid=3178
free 3200 bytes
pid=3179
free 3200 bytes
pid=3180
free 3200 bytes
pid=3181
free 3200 bytes
pid=3182
free 3200 bytes
pid=3183
free 3200 bytes
pid=3184
free 3200 bytes
pid=3185
free 3200 bytes
pid=3186
free 3200 bytes
pid=3187
slow path
free 3200 bytes
pid=3188
free 3200 bytes
pid=3189
free 3200 bytes
pid=3190
free 3200 bytes
pid=3191
free 3200 bytes
pid=3192
free 3200 bytes
pid=3193
free 3200 bytes
pid=3194
free 3200 bytes
pid=3195
free 3200 bytes
pid=3196
free 3200 bytes
pid=3197
free 3200 bytes
pid=3198
free 3200 bytes
pid=3199
free 3200 bytes
pid=3200
free 3200 bytes
pid=3201
free 3200 bytes
pid=3202
free 3200 bytes
pid=3203
free 3200 bytes
pid=3204
free 3200 bytes
pid=3205
free 3200 bytes
pid=3206
free 3200 bytes
pid=3207
free 3200 bytes
pid=3208
free 3200 bytes
pid=3209
free 3200 bytes
pid=3210
free 3200 bytes
pid=3211
free 3200 bytes
pid=3212
free 3200 bytes
pid=3213
free 3200 bytes
pid=3214
free 3200 bytes
pid=3215
free 3200 bytes
pid=3216
free 3200 bytes
pid=3217
free 3200 bytes
pid=3218
free 3200 bytes
pid=3219
slow path
free 3200 bytes
pid=3220
free 3200 bytes
pid=3221
free 3200 bytes
pid=3222
free 3200 bytes
pid=3223
free 3200 bytes
pid=3224
free 3200 bytes
pid=3225
free 3200 bytes
pid=3226
free 3200 bytes
pid=3227
free 3200 bytes
pid=3228
free 3200 bytes
pid=3229
free 3200 bytes
pid=3230
free 3200 bytes
pid=3231
free 3200 bytes
pid=3232
free 3200 bytes
pid=3233
free 3200 bytes
pid=3234
free 3200 bytes
pid=3235
free 3200 bytes
pid=3236
free 3200 bytes
pid=3237
free 3200 bytes
pid=3238
free 3200 bytes
pid=3239
free 3200 bytes
pid=3240
free 3200 bytes
pid=3241
free 3200 bytes
pid=3242
free 3200 bytes
pid=3243
free 3200 bytes
pid=3244
free 3200 bytes
pid=3245
free 3200 bytes
pid=3246
free 3200 bytes
pid=3247
free 3200 bytes
pid=3248
free 3200 bytes
pid=3249
free 3200 bytes
pid=3250
free 3200 bytes
pid=3251
slow path
free 3200 bytes
pid=3252
free 3200 bytes
pid=3253
free 3200 bytes
pid=3254
free 3200 bytes
pid=3255
free 3200 bytes
pid=3256
free 3200 bytes
pid=3257
free 3200 bytes
pid=3258
free 3200 bytes
pid=3259
free 3200 bytes
pid=3260
free 3200 bytes
pid=3261
free 3200 bytes
pid=3262
free 3200 bytes
pid=3263
free 3200 bytes
pid=3264
free 3200 bytes
pid=3265
free 3200 bytes
pid=3266
free 3200 bytes
pid=3267
free 3200 bytes
pid=3268
free 3200 bytes
pid=3269
free 3200 bytes
pid=3270
free 3200 bytes
pid=3271
free 3200 bytes
pid=3272
free 3200 bytes
pid=3273
free 3200 bytes
pid=3274
free 3200 bytes
pid=3275
free 3200 bytes
pid=3276
free 3200 bytes
pid=3277
free 3200 bytes
pid=3278
free 3200 bytes
pid=3279
free 3200 bytes
pid=3280
free 3200 bytes
pid=3281
free 3200 bytes
pid=3282
free 3200 bytes
pid=3283
slow path
free 3200 bytes
pid=3284
free 3200 bytes
pid=3285
free 3200 bytes
pid=3286
free 3200 bytes
pid=3287
free 3200 bytes
pid=3288
free 3200 bytes
pid=3289
free 3200 bytes
pid=3290
free 3200 bytes
pid=3291
free 3200 bytes
pid=3292
free 3200 bytes
pid=3293
free 3200 bytes
pid=3294
free 3200 bytes
pid=3295
free 3200 bytes
pid=3296
free 3200 bytes
pid=3297
free 3200 bytes
pid=3298
free 3200 bytes
pid=3299
pfree 3200 bytes
id=3300
free 3200 bytes
pid=3301
free 3200 bytes
pid=3302
free 3200 bytes
pid=3303
free 3200 bytes
pid=3304
free 3200 bytes
pid=3305
free 3200 bytes
pid=3306
free 3200 bytes
pid=3307
free 3200 bytes
pid=3308
free 3200 bytes
pid=3309
free 3200 bytes
pid=3310
free 3200 bytes
pid=3311
free 3200 bytes
pid=3312
free 3200 bytes
pid=3313
free 3200 bytes
pid=3314
free 3200 bytes
pid=3315
slow path
free 3200 bytes
pid=3316
free 3200 bytes
pid=3317
free 3200 bytes
pid=3318
free 3200 bytes
pid=3319
free 3200 bytes
pid=3320
free 3200 bytes
pid=3321
free 3200 bytes
pid=3322
free 3200 bytes
pid=3323
free 3200 bytes
pid=3324
pfree 3200 bytes
id=3325
free 3200 bytes
pid=3326
free 3200 bytes
pid=3327
free 3200 bytes
pid=3328
free 3200 bytes
pid=3329
free 3200 bytes
pid=3330
free 3200 bytes
pid=3331
free 3200 bytes
pid=3332
free 3200 bytes
pid=3333
free 3200 bytes
pid=3334
free 3200 bytes
pid=3335
free 3200 bytes
pid=3336
free 3200 bytes
pid=3337
free 3200 bytes
pid=3338
free 3200 bytes
pid=3339
free 3200 bytes
pid=3340
free 3200 bytes
pid=3341
free 3200 bytes
pid=3342
free 3200 bytes
pid=3343
free 3200 bytes
pid=3344
free 3200 bytes
pid=3345
free 3200 bytes
pid=3346
free 3200 bytes
pid=3347
slow path
free 3200 bytes
pid=3348
free 3200 bytes
pid=3349
free 3200 bytes
pid=3350
free 3200 bytes
pid=3351
free 3200 bytes
pid=3352
free 3200 bytes
pid=3353
free 3200 bytes
pid=3354
free 3200 bytes
pid=3355
free 3200 bytes
pid=3356
free 3200 bytes
pid=3357
free 3200 bytes
pid=3358
free 3200 bytes
pid=3359
free 3200 bytes
pid=3360
free 3200 bytes
pid=3361
free 3200 bytes
pid=3362
free 3200 bytes
pid=3363
free 3200 bytes
pid=3364
free 3200 bytes
pid=3365
free 3200 bytes
pid=3366
free 3200 bytes
pid=3367
free 3200 bytes
pid=3368
free 3200 bytes
pid=3369
free 3200 bytes
pid=3370
free 3200 bytes
pid=3371
free 3200 bytes
pid=3372
free 3200 bytes
pid=3373
free 3200 bytes
pid=3374
free 3200 bytes
pid=3375
free 3200 bytes
pid=3376
free 3200 bytes
pid=3377
free 3200 bytes
pid=3378
free 3200 bytes
pid=3379
slow path
free 3200 bytes
pid=3380
free 3200 bytes
pid=3381
free 3200 bytes
pid=3382
free 3200 bytes
pid=3383
free 3200 bytes
pid=3384
free 3200 bytes
pid=3385
free 3200 bytes
pid=3386
free 3200 bytes
pid=3387
free 3200 bytes
pid=3388
free 3200 bytes
pid=3389
free 3200 bytes
pid=3390
free 3200 bytes
pid=3391
free 3200 bytes
pid=3392
free 3200 bytes
pid=3393
free 3200 bytes
pid=3394
free 3200 bytes
pid=3395
free 3200 bytes
pid=3396
free 3200 bytes
pid=3397
free 3200 bytes
pid=3398
free 3200 bytes
pid=3399
free 3200 bytes
pid=3400
free 3200 bytes
pid=3401
pfree 3200 bytes
id=3402
free 3200 bytes
pid=3403
free 3200 bytes
pid=3404
free 3200 bytes
pid=3405
free 3200 bytes
pid=3406
free 3200 bytes
pid=3407
free 3200 bytes
pid=3408
free 3200 bytes
pid=3409
free 3200 bytes
pid=3410
free 3200 bytes
pid=3411
slow path
free 3200 bytes
pid=3412
free 3200 bytes
pid=3413
free 3200 bytes
pid=3414
free 3200 bytes
pid=3415
free 3200 bytes
pid=3416
free 3200 bytes
pid=3417
free 3200 bytes
pid=3418
free 3200 bytes
pid=3419
free 3200 bytes
pid=3420
free 3200 bytes
pid=3421
free 3200 bytes
pid=3422
free 3200 bytes
pid=3423
free 3200 bytes
pid=3424
free 3200 bytes
pid=3425
free 3200 bytes
pid=3426
free 3200 bytes
pid=3427
free 3200 bytes
pid=3428
free 3200 bytes
pid=3429
free 3200 bytes
pid=3430
free 3200 bytes
pid=3431
free 3200 bytes
pid=3432
free 3200 bytes
pid=3433
free 3200 bytes
pid=3434
free 3200 bytes
pid=3435
free 3200 bytes
pid=3436
free 3200 bytes
pid=3437
free 3200 bytes
pid=3438
free 3200 bytes
pid=3439
free 3200 bytes
pid=3440
free 3200 bytes
pid=3441
free 3200 bytes
pid=3442
slow path
free 3200 bytes
pid=3443
free 3200 bytes
pid=3444
free 3200 bytes
pid=3445
free 3200 bytes
pid=3446
free 3200 bytes
pid=3447
free 3200 bytes
pid=3448
free 3200 bytes
pid=3449
free 3200 bytes
pid=3450
free 3200 bytes
pid=3451
free 3200 bytes
pid=3452
free 3200 bytes
pid=3453
pfree 3200 bytes
id=3454
free 3200 bytes
pid=3455
free 3200 bytes
pid=3456
free 3200 bytes
pid=3457
free 3200 bytes
pid=3458
free 3200 bytes
pid=3459
free 3200 bytes
pid=3460
free 3200 bytes
pid=3461
free 3200 bytes
pid=3462
free 3200 bytes
pid=3463
free 3200 bytes
pid=3464
free 3200 bytes
pid=3465
free 3200 bytes
pid=3466
free 3200 bytes
pid=3467
free 3200 bytes
pid=3468
free 3200 bytes
pid=3469
free 3200 bytes
pid=3470
free 3200 bytes
pid=3471
free 3200 bytes
pid=3472
free 3200 bytes
pid=3473
free 3200 bytes
pid=3474
slow path
AM Panic: return NUll pointer
 @ /home/heiyan/operating_system_lab/kernel/src/pmm.c:283  
CPU #0 Halt (01).
